<?xml version="1.0" encoding="UTF-8"?>
<!-- Generated by org.testng.reporters.JUnitXMLReporter -->
<testsuite ignored="2" hostname="DESKTOP-H8ME9J4" failures="0" tests="27" name="Test: Chrome" time="110.517" errors="0" timestamp="2023-07-10T10:32:46 IST">
  <testcase classname="tests.LowCabFareTests" name="testVisitMakeMyTrip" time="14.139"/>
  <testcase classname="tests.LowCabFareTests" name="testHandleModal" time="1.451"/>
  <testcase classname="tests.LowCabFareTests" name="testClickCabsLink" time="0.565"/>
  <testcase classname="tests.LowCabFareTests" name="testClickOneWayOutstationLink" time="1.006"/>
  <testcase classname="tests.LowCabFareTests" name="testClickSourceLink" time="0.403"/>
  <testcase classname="tests.LowCabFareTests" name="testEnterDestination" time="6.123"/>
  <testcase classname="tests.LowCabFareTests" name="testClickNextMonthLink" time="0.298"/>
  <testcase classname="tests.LowCabFareTests" name="testClickDateSelectorLink" time="0.265"/>
  <testcase classname="tests.LowCabFareTests" name="testClickTimePickerLink" time="1.118"/>
  <testcase classname="tests.LowCabFareTests" name="testClickApplyLink" time="0.274"/>
  <testcase classname="tests.LowCabFareTests" name="testClickSearchLink" time="6.279"/>
  <testcase classname="tests.LowCabFareTests" name="testClickSortLink" time="2.527"/>
  <testcase classname="tests.LowCabFareTests" name="testSelectSuv" time="0.322"/>
  <testcase classname="tests.LowCabFareTests" name="testClickLowestFare" time="0.277"/>
  <testcase classname="tests.LowCabFareTests" name="testGetPrice" time="2.512"/>
  <testcase classname="tests.GiftCardTests" name="testVisitMakeMyTrip" time="13.552"/>
  <testcase classname="tests.GiftCardTests" name="testSelectingCard" time="3.187"/>
  <testcase classname="tests.GiftCardTests" name="testSendingKeys" time="3.533"/>
  <testcase classname="tests.GiftCardTests" name="testSubmitting" time="0.362"/>
  <testcase classname="tests.GiftCardTests" name="testShowError" time="0.323"/>
  <testcase classname="tests.BookHotelTests" name="testVisitMakeMyTrip" time="12.725"/>
  <testcase classname="tests.BookHotelTests" name="testHandleModal" time="1.301"/>
  <testcase classname="tests.BookHotelTests" name="testClickHotelBtn" time="0.612"/>
  <testcase classname="tests.BookHotelTests" name="testRoomsNGuest" time="0.638"/>
  <testcase classname="tests.BookHotelTests" name="testAdultsNo" time="0.269"/>
  <testcase classname="tests.BookHotelTests" name="testListAdult" time="1.372"/>
  <testcase classname="tests.BookHotelTests" name="testNavigateBack" time="2.365"/>
  <testcase classname="base.BaseClass" name="@AfterSuite closeExtentReport" time="0.0">
    <ignored/>
  </testcase> <!-- @AfterSuite closeExtentReport -->
  <testcase classname="base.BaseClass" name="@AfterSuite closeExtentReport" time="0.0">
    <ignored/>
  </testcase> <!-- @AfterSuite closeExtentReport -->
</testsuite> <!-- Test: Chrome -->
