<?xml version="1.0" encoding="UTF-8"?>
<!-- Generated by org.testng.reporters.JUnitXMLReporter -->
<testsuite ignored="2" hostname="DESKTOP-H8ME9J4" failures="0" tests="27" name="Test: Edge" time="86.815" errors="0" timestamp="2023-07-10T10:34:13 IST">
  <testcase classname="tests.LowCabFareTests" name="testVisitMakeMyTrip" time="11.964"/>
  <testcase classname="tests.LowCabFareTests" name="testHandleModal" time="1.335"/>
  <testcase classname="tests.LowCabFareTests" name="testClickCabsLink" time="0.78"/>
  <testcase classname="tests.LowCabFareTests" name="testClickOneWayOutstationLink" time="1.154"/>
  <testcase classname="tests.LowCabFareTests" name="testClickSourceLink" time="0.532"/>
  <testcase classname="tests.LowCabFareTests" name="testEnterDestination" time="5.679"/>
  <testcase classname="tests.LowCabFareTests" name="testClickNextMonthLink" time="0.116"/>
  <testcase classname="tests.LowCabFareTests" name="testClickDateSelectorLink" time="0.119"/>
  <testcase classname="tests.LowCabFareTests" name="testClickTimePickerLink" time="0.739"/>
  <testcase classname="tests.LowCabFareTests" name="testClickApplyLink" time="0.285"/>
  <testcase classname="tests.LowCabFareTests" name="testClickSearchLink" time="4.06"/>
  <testcase classname="tests.LowCabFareTests" name="testClickSortLink" time="1.9"/>
  <testcase classname="tests.LowCabFareTests" name="testSelectSuv" time="0.299"/>
  <testcase classname="tests.LowCabFareTests" name="testClickLowestFare" time="0.232"/>
  <testcase classname="tests.LowCabFareTests" name="testGetPrice" time="0.31"/>
  <testcase classname="tests.GiftCardTests" name="testVisitMakeMyTrip" time="12.069"/>
  <testcase classname="tests.GiftCardTests" name="testSelectingCard" time="2.136"/>
  <testcase classname="tests.GiftCardTests" name="testSendingKeys" time="2.702"/>
  <testcase classname="tests.GiftCardTests" name="testSubmitting" time="0.366"/>
  <testcase classname="tests.GiftCardTests" name="testShowError" time="0.246"/>
  <testcase classname="tests.BookHotelTests" name="testVisitMakeMyTrip" time="11.969"/>
  <testcase classname="tests.BookHotelTests" name="testHandleModal" time="1.312"/>
  <testcase classname="tests.BookHotelTests" name="testClickHotelBtn" time="0.851"/>
  <testcase classname="tests.BookHotelTests" name="testRoomsNGuest" time="0.533"/>
  <testcase classname="tests.BookHotelTests" name="testAdultsNo" time="0.333"/>
  <testcase classname="tests.BookHotelTests" name="testListAdult" time="1.377"/>
  <testcase classname="tests.BookHotelTests" name="testNavigateBack" time="2.637"/>
  <testcase classname="base.BaseClass" name="@AfterSuite closeExtentReport" time="0.0">
    <ignored/>
  </testcase> <!-- @AfterSuite closeExtentReport -->
  <testcase classname="base.BaseClass" name="@AfterSuite closeExtentReport" time="0.0">
    <ignored/>
  </testcase> <!-- @AfterSuite closeExtentReport -->
</testsuite> <!-- Test: Edge -->
