<?xml version="1.0" encoding="UTF-8"?>
<testng-results ignored="4" total="58" passed="54" failed="0" skipped="0">
  <reporter-output>
  </reporter-output>
  <suite started-at="2023-07-10T10:30:55 IST" name="MakeMyTrip Chrome Suite" finished-at="2023-07-10T10:32:46 IST" duration-ms="110517">
    <groups>
    </groups>
    <test started-at="2023-07-10T10:30:55 IST" name="Test: Chrome" finished-at="2023-07-10T10:32:46 IST" duration-ms="110517">
      <class name="tests.GiftCardTests">
        <test-method is-config="true" signature="initDriver(java.lang.String)[pri:0, instance:tests.GiftCardTests@6c1a5b54]" started-at="2023-07-10T10:31:49 IST" name="initDriver" finished-at="2023-07-10T10:31:53 IST" duration-ms="3921" status="PASS">
          <params>
            <param index="0">
              <value>
                <![CDATA[chrome]]>
              </value>
            </param>
          </params>
          <reporter-output>
          </reporter-output>
        </test-method> <!-- initDriver -->
        <test-method is-config="true" signature="initExtentReport(org.testng.ITestContext)[pri:0, instance:tests.GiftCardTests@6c1a5b54]" started-at="2023-07-10T10:31:53 IST" name="initExtentReport" finished-at="2023-07-10T10:31:53 IST" duration-ms="1" status="PASS">
          <params>
            <param index="0">
              <value>
                <![CDATA[org.testng.TestRunner@536da29c]]>
              </value>
            </param>
          </params>
          <reporter-output>
          </reporter-output>
        </test-method> <!-- initExtentReport -->
        <test-method is-config="true" signature="setPage(java.lang.reflect.Method)[pri:0, instance:tests.GiftCardTests@6c1a5b54]" started-at="2023-07-10T10:31:53 IST" name="setPage" finished-at="2023-07-10T10:31:54 IST" duration-ms="360" status="PASS">
          <params>
            <param index="0">
              <value>
                <![CDATA[public void tests.GiftCardTests.testVisitMakeMyTrip() throws java.lang.InterruptedException]]>
              </value>
            </param>
          </params>
          <reporter-output>
          </reporter-output>
        </test-method> <!-- setPage -->
        <test-method signature="testVisitMakeMyTrip()[pri:1, instance:tests.GiftCardTests@6c1a5b54]" started-at="2023-07-10T10:31:54 IST" name="testVisitMakeMyTrip" finished-at="2023-07-10T10:32:07 IST" duration-ms="13552" status="PASS">
          <reporter-output>
          </reporter-output>
        </test-method> <!-- testVisitMakeMyTrip -->
        <test-method is-config="true" signature="takeFailedScreenshots(org.testng.ITestResult)[pri:0, instance:tests.GiftCardTests@6c1a5b54]" started-at="2023-07-10T10:32:07 IST" name="takeFailedScreenshots" finished-at="2023-07-10T10:32:08 IST" duration-ms="655" status="PASS">
          <params>
            <param index="0">
              <value>
                <![CDATA[[TestResult name=testVisitMakeMyTrip status=SUCCESS method=GiftCardTests.testVisitMakeMyTrip()[pri:1, instance:tests.GiftCardTests@6c1a5b54] output={null}]]]>
              </value>
            </param>
          </params>
          <reporter-output>
          </reporter-output>
        </test-method> <!-- takeFailedScreenshots -->
        <test-method is-config="true" signature="setPage(java.lang.reflect.Method)[pri:0, instance:tests.GiftCardTests@6c1a5b54]" started-at="2023-07-10T10:32:08 IST" name="setPage" finished-at="2023-07-10T10:32:08 IST" duration-ms="2" status="PASS">
          <params>
            <param index="0">
              <value>
                <![CDATA[public void tests.GiftCardTests.testSelectingCard() throws java.lang.InterruptedException]]>
              </value>
            </param>
          </params>
          <reporter-output>
          </reporter-output>
        </test-method> <!-- setPage -->
        <test-method signature="testSelectingCard()[pri:2, instance:tests.GiftCardTests@6c1a5b54]" started-at="2023-07-10T10:32:08 IST" name="testSelectingCard" finished-at="2023-07-10T10:32:11 IST" depends-on-methods="tests.GiftCardTests.testVisitMakeMyTrip" duration-ms="3187" status="PASS">
          <reporter-output>
          </reporter-output>
        </test-method> <!-- testSelectingCard -->
        <test-method is-config="true" signature="takeFailedScreenshots(org.testng.ITestResult)[pri:0, instance:tests.GiftCardTests@6c1a5b54]" started-at="2023-07-10T10:32:11 IST" name="takeFailedScreenshots" finished-at="2023-07-10T10:32:12 IST" duration-ms="341" status="PASS">
          <params>
            <param index="0">
              <value>
                <![CDATA[[TestResult name=testSelectingCard status=SUCCESS method=GiftCardTests.testSelectingCard()[pri:2, instance:tests.GiftCardTests@6c1a5b54] output={null}]]]>
              </value>
            </param>
          </params>
          <reporter-output>
          </reporter-output>
        </test-method> <!-- takeFailedScreenshots -->
        <test-method is-config="true" signature="setPage(java.lang.reflect.Method)[pri:0, instance:tests.GiftCardTests@6c1a5b54]" started-at="2023-07-10T10:32:12 IST" name="setPage" finished-at="2023-07-10T10:32:12 IST" duration-ms="2" status="PASS">
          <params>
            <param index="0">
              <value>
                <![CDATA[public void tests.GiftCardTests.testSendingKeys() throws java.lang.InterruptedException]]>
              </value>
            </param>
          </params>
          <reporter-output>
          </reporter-output>
        </test-method> <!-- setPage -->
        <test-method signature="testSendingKeys()[pri:3, instance:tests.GiftCardTests@6c1a5b54]" started-at="2023-07-10T10:32:12 IST" name="testSendingKeys" finished-at="2023-07-10T10:32:15 IST" depends-on-methods="tests.GiftCardTests.testSelectingCard" duration-ms="3533" status="PASS">
          <reporter-output>
          </reporter-output>
        </test-method> <!-- testSendingKeys -->
        <test-method is-config="true" signature="takeFailedScreenshots(org.testng.ITestResult)[pri:0, instance:tests.GiftCardTests@6c1a5b54]" started-at="2023-07-10T10:32:15 IST" name="takeFailedScreenshots" finished-at="2023-07-10T10:32:15 IST" duration-ms="229" status="PASS">
          <params>
            <param index="0">
              <value>
                <![CDATA[[TestResult name=testSendingKeys status=SUCCESS method=GiftCardTests.testSendingKeys()[pri:3, instance:tests.GiftCardTests@6c1a5b54] output={null}]]]>
              </value>
            </param>
          </params>
          <reporter-output>
          </reporter-output>
        </test-method> <!-- takeFailedScreenshots -->
        <test-method is-config="true" signature="setPage(java.lang.reflect.Method)[pri:0, instance:tests.GiftCardTests@6c1a5b54]" started-at="2023-07-10T10:32:15 IST" name="setPage" finished-at="2023-07-10T10:32:15 IST" duration-ms="2" status="PASS">
          <params>
            <param index="0">
              <value>
                <![CDATA[public void tests.GiftCardTests.testSubmitting()]]>
              </value>
            </param>
          </params>
          <reporter-output>
          </reporter-output>
        </test-method> <!-- setPage -->
        <test-method signature="testSubmitting()[pri:4, instance:tests.GiftCardTests@6c1a5b54]" started-at="2023-07-10T10:32:15 IST" name="testSubmitting" finished-at="2023-07-10T10:32:16 IST" depends-on-methods="tests.GiftCardTests.testSendingKeys" duration-ms="362" status="PASS">
          <reporter-output>
          </reporter-output>
        </test-method> <!-- testSubmitting -->
        <test-method is-config="true" signature="takeFailedScreenshots(org.testng.ITestResult)[pri:0, instance:tests.GiftCardTests@6c1a5b54]" started-at="2023-07-10T10:32:16 IST" name="takeFailedScreenshots" finished-at="2023-07-10T10:32:16 IST" duration-ms="255" status="PASS">
          <params>
            <param index="0">
              <value>
                <![CDATA[[TestResult name=testSubmitting status=SUCCESS method=GiftCardTests.testSubmitting()[pri:4, instance:tests.GiftCardTests@6c1a5b54] output={null}]]]>
              </value>
            </param>
          </params>
          <reporter-output>
          </reporter-output>
        </test-method> <!-- takeFailedScreenshots -->
        <test-method is-config="true" signature="setPage(java.lang.reflect.Method)[pri:0, instance:tests.GiftCardTests@6c1a5b54]" started-at="2023-07-10T10:32:16 IST" name="setPage" finished-at="2023-07-10T10:32:16 IST" duration-ms="1" status="PASS">
          <params>
            <param index="0">
              <value>
                <![CDATA[public void tests.GiftCardTests.testShowError() throws java.lang.Exception]]>
              </value>
            </param>
          </params>
          <reporter-output>
          </reporter-output>
        </test-method> <!-- setPage -->
        <test-method signature="testShowError()[pri:5, instance:tests.GiftCardTests@6c1a5b54]" started-at="2023-07-10T10:32:16 IST" name="testShowError" finished-at="2023-07-10T10:32:16 IST" depends-on-methods="tests.GiftCardTests.testSubmitting" duration-ms="323" status="PASS">
          <reporter-output>
          </reporter-output>
        </test-method> <!-- testShowError -->
        <test-method is-config="true" signature="takeFailedScreenshots(org.testng.ITestResult)[pri:0, instance:tests.GiftCardTests@6c1a5b54]" started-at="2023-07-10T10:32:16 IST" name="takeFailedScreenshots" finished-at="2023-07-10T10:32:16 IST" duration-ms="230" status="PASS">
          <params>
            <param index="0">
              <value>
                <![CDATA[[TestResult name=testShowError status=SUCCESS method=GiftCardTests.testShowError()[pri:5, instance:tests.GiftCardTests@6c1a5b54] output={null}]]]>
              </value>
            </param>
          </params>
          <reporter-output>
          </reporter-output>
        </test-method> <!-- takeFailedScreenshots -->
        <test-method is-config="true" signature="tearDown()[pri:0, instance:tests.GiftCardTests@6c1a5b54]" started-at="2023-07-10T10:32:16 IST" name="tearDown" finished-at="2023-07-10T10:32:17 IST" duration-ms="738" status="PASS">
          <reporter-output>
          </reporter-output>
        </test-method> <!-- tearDown -->
      </class> <!-- tests.GiftCardTests -->
      <class name="tests.LowCabFareTests">
        <test-method is-config="true" signature="initDriver(java.lang.String)[pri:0, instance:tests.LowCabFareTests@f09733f]" started-at="2023-07-10T10:30:55 IST" name="initDriver" finished-at="2023-07-10T10:31:03 IST" duration-ms="7673" status="PASS">
          <params>
            <param index="0">
              <value>
                <![CDATA[chrome]]>
              </value>
            </param>
          </params>
          <reporter-output>
          </reporter-output>
        </test-method> <!-- initDriver -->
        <test-method is-config="true" signature="initExtentReport(org.testng.ITestContext)[pri:0, instance:tests.LowCabFareTests@f09733f]" started-at="2023-07-10T10:31:03 IST" name="initExtentReport" finished-at="2023-07-10T10:31:04 IST" duration-ms="971" status="PASS">
          <params>
            <param index="0">
              <value>
                <![CDATA[org.testng.TestRunner@536da29c]]>
              </value>
            </param>
          </params>
          <reporter-output>
          </reporter-output>
        </test-method> <!-- initExtentReport -->
        <test-method is-config="true" signature="setPage(java.lang.reflect.Method)[pri:0, instance:tests.LowCabFareTests@f09733f]" started-at="2023-07-10T10:31:04 IST" name="setPage" finished-at="2023-07-10T10:31:04 IST" duration-ms="70" status="PASS">
          <params>
            <param index="0">
              <value>
                <![CDATA[public void tests.LowCabFareTests.testVisitMakeMyTrip() throws java.lang.InterruptedException]]>
              </value>
            </param>
          </params>
          <reporter-output>
          </reporter-output>
        </test-method> <!-- setPage -->
        <test-method signature="testVisitMakeMyTrip()[pri:1, instance:tests.LowCabFareTests@f09733f]" started-at="2023-07-10T10:31:04 IST" name="testVisitMakeMyTrip" finished-at="2023-07-10T10:31:18 IST" duration-ms="14139" status="PASS">
          <reporter-output>
          </reporter-output>
        </test-method> <!-- testVisitMakeMyTrip -->
        <test-method is-config="true" signature="takeFailedScreenshots(org.testng.ITestResult)[pri:0, instance:tests.LowCabFareTests@f09733f]" started-at="2023-07-10T10:31:18 IST" name="takeFailedScreenshots" finished-at="2023-07-10T10:31:19 IST" duration-ms="973" status="PASS">
          <params>
            <param index="0">
              <value>
                <![CDATA[[TestResult name=testVisitMakeMyTrip status=SUCCESS method=LowCabFareTests.testVisitMakeMyTrip()[pri:1, instance:tests.LowCabFareTests@f09733f] output={null}]]]>
              </value>
            </param>
          </params>
          <reporter-output>
          </reporter-output>
        </test-method> <!-- takeFailedScreenshots -->
        <test-method is-config="true" signature="setPage(java.lang.reflect.Method)[pri:0, instance:tests.LowCabFareTests@f09733f]" started-at="2023-07-10T10:31:19 IST" name="setPage" finished-at="2023-07-10T10:31:19 IST" duration-ms="2" status="PASS">
          <params>
            <param index="0">
              <value>
                <![CDATA[public void tests.LowCabFareTests.testHandleModal() throws java.lang.InterruptedException]]>
              </value>
            </param>
          </params>
          <reporter-output>
          </reporter-output>
        </test-method> <!-- setPage -->
        <test-method signature="testHandleModal()[pri:2, instance:tests.LowCabFareTests@f09733f]" started-at="2023-07-10T10:31:19 IST" name="testHandleModal" finished-at="2023-07-10T10:31:20 IST" depends-on-methods="tests.LowCabFareTests.testVisitMakeMyTrip" duration-ms="1451" status="PASS">
          <reporter-output>
          </reporter-output>
        </test-method> <!-- testHandleModal -->
        <test-method is-config="true" signature="takeFailedScreenshots(org.testng.ITestResult)[pri:0, instance:tests.LowCabFareTests@f09733f]" started-at="2023-07-10T10:31:20 IST" name="takeFailedScreenshots" finished-at="2023-07-10T10:31:22 IST" duration-ms="1087" status="PASS">
          <params>
            <param index="0">
              <value>
                <![CDATA[[TestResult name=testHandleModal status=SUCCESS method=LowCabFareTests.testHandleModal()[pri:2, instance:tests.LowCabFareTests@f09733f] output={null}]]]>
              </value>
            </param>
          </params>
          <reporter-output>
          </reporter-output>
        </test-method> <!-- takeFailedScreenshots -->
        <test-method is-config="true" signature="setPage(java.lang.reflect.Method)[pri:0, instance:tests.LowCabFareTests@f09733f]" started-at="2023-07-10T10:31:22 IST" name="setPage" finished-at="2023-07-10T10:31:22 IST" duration-ms="4" status="PASS">
          <params>
            <param index="0">
              <value>
                <![CDATA[public void tests.LowCabFareTests.testClickCabsLink() throws java.lang.InterruptedException]]>
              </value>
            </param>
          </params>
          <reporter-output>
          </reporter-output>
        </test-method> <!-- setPage -->
        <test-method signature="testClickCabsLink()[pri:3, instance:tests.LowCabFareTests@f09733f]" started-at="2023-07-10T10:31:22 IST" name="testClickCabsLink" finished-at="2023-07-10T10:31:22 IST" depends-on-methods="tests.LowCabFareTests.testHandleModal" duration-ms="565" status="PASS">
          <reporter-output>
          </reporter-output>
        </test-method> <!-- testClickCabsLink -->
        <test-method is-config="true" signature="takeFailedScreenshots(org.testng.ITestResult)[pri:0, instance:tests.LowCabFareTests@f09733f]" started-at="2023-07-10T10:31:22 IST" name="takeFailedScreenshots" finished-at="2023-07-10T10:31:22 IST" duration-ms="399" status="PASS">
          <params>
            <param index="0">
              <value>
                <![CDATA[[TestResult name=testClickCabsLink status=SUCCESS method=LowCabFareTests.testClickCabsLink()[pri:3, instance:tests.LowCabFareTests@f09733f] output={null}]]]>
              </value>
            </param>
          </params>
          <reporter-output>
          </reporter-output>
        </test-method> <!-- takeFailedScreenshots -->
        <test-method is-config="true" signature="setPage(java.lang.reflect.Method)[pri:0, instance:tests.LowCabFareTests@f09733f]" started-at="2023-07-10T10:31:22 IST" name="setPage" finished-at="2023-07-10T10:31:22 IST" duration-ms="12" status="PASS">
          <params>
            <param index="0">
              <value>
                <![CDATA[public void tests.LowCabFareTests.testClickOneWayOutstationLink()]]>
              </value>
            </param>
          </params>
          <reporter-output>
          </reporter-output>
        </test-method> <!-- setPage -->
        <test-method signature="testClickOneWayOutstationLink()[pri:4, instance:tests.LowCabFareTests@f09733f]" started-at="2023-07-10T10:31:22 IST" name="testClickOneWayOutstationLink" finished-at="2023-07-10T10:31:24 IST" depends-on-methods="tests.LowCabFareTests.testClickCabsLink" duration-ms="1006" status="PASS">
          <reporter-output>
          </reporter-output>
        </test-method> <!-- testClickOneWayOutstationLink -->
        <test-method is-config="true" signature="takeFailedScreenshots(org.testng.ITestResult)[pri:0, instance:tests.LowCabFareTests@f09733f]" started-at="2023-07-10T10:31:24 IST" name="takeFailedScreenshots" finished-at="2023-07-10T10:31:24 IST" duration-ms="424" status="PASS">
          <params>
            <param index="0">
              <value>
                <![CDATA[[TestResult name=testClickOneWayOutstationLink status=SUCCESS method=LowCabFareTests.testClickOneWayOutstationLink()[pri:4, instance:tests.LowCabFareTests@f09733f] output={null}]]]>
              </value>
            </param>
          </params>
          <reporter-output>
          </reporter-output>
        </test-method> <!-- takeFailedScreenshots -->
        <test-method is-config="true" signature="setPage(java.lang.reflect.Method)[pri:0, instance:tests.LowCabFareTests@f09733f]" started-at="2023-07-10T10:31:24 IST" name="setPage" finished-at="2023-07-10T10:31:24 IST" duration-ms="5" status="PASS">
          <params>
            <param index="0">
              <value>
                <![CDATA[public void tests.LowCabFareTests.testClickSourceLink() throws java.lang.InterruptedException]]>
              </value>
            </param>
          </params>
          <reporter-output>
          </reporter-output>
        </test-method> <!-- setPage -->
        <test-method signature="testClickSourceLink()[pri:5, instance:tests.LowCabFareTests@f09733f]" started-at="2023-07-10T10:31:24 IST" name="testClickSourceLink" finished-at="2023-07-10T10:31:24 IST" depends-on-methods="tests.LowCabFareTests.testClickOneWayOutstationLink" duration-ms="403" status="PASS">
          <reporter-output>
          </reporter-output>
        </test-method> <!-- testClickSourceLink -->
        <test-method is-config="true" signature="takeFailedScreenshots(org.testng.ITestResult)[pri:0, instance:tests.LowCabFareTests@f09733f]" started-at="2023-07-10T10:31:24 IST" name="takeFailedScreenshots" finished-at="2023-07-10T10:31:25 IST" duration-ms="403" status="PASS">
          <params>
            <param index="0">
              <value>
                <![CDATA[[TestResult name=testClickSourceLink status=SUCCESS method=LowCabFareTests.testClickSourceLink()[pri:5, instance:tests.LowCabFareTests@f09733f] output={null}]]]>
              </value>
            </param>
          </params>
          <reporter-output>
          </reporter-output>
        </test-method> <!-- takeFailedScreenshots -->
        <test-method is-config="true" signature="setPage(java.lang.reflect.Method)[pri:0, instance:tests.LowCabFareTests@f09733f]" started-at="2023-07-10T10:31:25 IST" name="setPage" finished-at="2023-07-10T10:31:25 IST" duration-ms="3" status="PASS">
          <params>
            <param index="0">
              <value>
                <![CDATA[public void tests.LowCabFareTests.testEnterDestination() throws java.lang.InterruptedException]]>
              </value>
            </param>
          </params>
          <reporter-output>
          </reporter-output>
        </test-method> <!-- setPage -->
        <test-method signature="testEnterDestination()[pri:6, instance:tests.LowCabFareTests@f09733f]" started-at="2023-07-10T10:31:25 IST" name="testEnterDestination" finished-at="2023-07-10T10:31:31 IST" depends-on-methods="tests.LowCabFareTests.testClickSourceLink" duration-ms="6123" status="PASS">
          <reporter-output>
          </reporter-output>
        </test-method> <!-- testEnterDestination -->
        <test-method is-config="true" signature="takeFailedScreenshots(org.testng.ITestResult)[pri:0, instance:tests.LowCabFareTests@f09733f]" started-at="2023-07-10T10:31:31 IST" name="takeFailedScreenshots" finished-at="2023-07-10T10:31:32 IST" duration-ms="641" status="PASS">
          <params>
            <param index="0">
              <value>
                <![CDATA[[TestResult name=testEnterDestination status=SUCCESS method=LowCabFareTests.testEnterDestination()[pri:6, instance:tests.LowCabFareTests@f09733f] output={null}]]]>
              </value>
            </param>
          </params>
          <reporter-output>
          </reporter-output>
        </test-method> <!-- takeFailedScreenshots -->
        <test-method is-config="true" signature="setPage(java.lang.reflect.Method)[pri:0, instance:tests.LowCabFareTests@f09733f]" started-at="2023-07-10T10:31:32 IST" name="setPage" finished-at="2023-07-10T10:31:32 IST" duration-ms="4" status="PASS">
          <params>
            <param index="0">
              <value>
                <![CDATA[public void tests.LowCabFareTests.testClickNextMonthLink()]]>
              </value>
            </param>
          </params>
          <reporter-output>
          </reporter-output>
        </test-method> <!-- setPage -->
        <test-method signature="testClickNextMonthLink()[pri:7, instance:tests.LowCabFareTests@f09733f]" started-at="2023-07-10T10:31:32 IST" name="testClickNextMonthLink" finished-at="2023-07-10T10:31:32 IST" depends-on-methods="tests.LowCabFareTests.testEnterDestination" duration-ms="298" status="PASS">
          <reporter-output>
          </reporter-output>
        </test-method> <!-- testClickNextMonthLink -->
        <test-method is-config="true" signature="takeFailedScreenshots(org.testng.ITestResult)[pri:0, instance:tests.LowCabFareTests@f09733f]" started-at="2023-07-10T10:31:32 IST" name="takeFailedScreenshots" finished-at="2023-07-10T10:31:32 IST" duration-ms="361" status="PASS">
          <params>
            <param index="0">
              <value>
                <![CDATA[[TestResult name=testClickNextMonthLink status=SUCCESS method=LowCabFareTests.testClickNextMonthLink()[pri:7, instance:tests.LowCabFareTests@f09733f] output={null}]]]>
              </value>
            </param>
          </params>
          <reporter-output>
          </reporter-output>
        </test-method> <!-- takeFailedScreenshots -->
        <test-method is-config="true" signature="setPage(java.lang.reflect.Method)[pri:0, instance:tests.LowCabFareTests@f09733f]" started-at="2023-07-10T10:31:32 IST" name="setPage" finished-at="2023-07-10T10:31:32 IST" duration-ms="8" status="PASS">
          <params>
            <param index="0">
              <value>
                <![CDATA[public void tests.LowCabFareTests.testClickDateSelectorLink()]]>
              </value>
            </param>
          </params>
          <reporter-output>
          </reporter-output>
        </test-method> <!-- setPage -->
        <test-method signature="testClickDateSelectorLink()[pri:8, instance:tests.LowCabFareTests@f09733f]" started-at="2023-07-10T10:31:32 IST" name="testClickDateSelectorLink" finished-at="2023-07-10T10:31:32 IST" depends-on-methods="tests.LowCabFareTests.testClickNextMonthLink" duration-ms="265" status="PASS">
          <reporter-output>
          </reporter-output>
        </test-method> <!-- testClickDateSelectorLink -->
        <test-method is-config="true" signature="takeFailedScreenshots(org.testng.ITestResult)[pri:0, instance:tests.LowCabFareTests@f09733f]" started-at="2023-07-10T10:31:32 IST" name="takeFailedScreenshots" finished-at="2023-07-10T10:31:33 IST" duration-ms="361" status="PASS">
          <params>
            <param index="0">
              <value>
                <![CDATA[[TestResult name=testClickDateSelectorLink status=SUCCESS method=LowCabFareTests.testClickDateSelectorLink()[pri:8, instance:tests.LowCabFareTests@f09733f] output={null}]]]>
              </value>
            </param>
          </params>
          <reporter-output>
          </reporter-output>
        </test-method> <!-- takeFailedScreenshots -->
        <test-method is-config="true" signature="setPage(java.lang.reflect.Method)[pri:0, instance:tests.LowCabFareTests@f09733f]" started-at="2023-07-10T10:31:33 IST" name="setPage" finished-at="2023-07-10T10:31:33 IST" duration-ms="3" status="PASS">
          <params>
            <param index="0">
              <value>
                <![CDATA[public void tests.LowCabFareTests.testClickTimePickerLink()]]>
              </value>
            </param>
          </params>
          <reporter-output>
          </reporter-output>
        </test-method> <!-- setPage -->
        <test-method signature="testClickTimePickerLink()[pri:9, instance:tests.LowCabFareTests@f09733f]" started-at="2023-07-10T10:31:33 IST" name="testClickTimePickerLink" finished-at="2023-07-10T10:31:34 IST" depends-on-methods="tests.LowCabFareTests.testClickDateSelectorLink" duration-ms="1118" status="PASS">
          <reporter-output>
          </reporter-output>
        </test-method> <!-- testClickTimePickerLink -->
        <test-method is-config="true" signature="takeFailedScreenshots(org.testng.ITestResult)[pri:0, instance:tests.LowCabFareTests@f09733f]" started-at="2023-07-10T10:31:34 IST" name="takeFailedScreenshots" finished-at="2023-07-10T10:31:34 IST" duration-ms="388" status="PASS">
          <params>
            <param index="0">
              <value>
                <![CDATA[[TestResult name=testClickTimePickerLink status=SUCCESS method=LowCabFareTests.testClickTimePickerLink()[pri:9, instance:tests.LowCabFareTests@f09733f] output={null}]]]>
              </value>
            </param>
          </params>
          <reporter-output>
          </reporter-output>
        </test-method> <!-- takeFailedScreenshots -->
        <test-method is-config="true" signature="setPage(java.lang.reflect.Method)[pri:0, instance:tests.LowCabFareTests@f09733f]" started-at="2023-07-10T10:31:34 IST" name="setPage" finished-at="2023-07-10T10:31:34 IST" duration-ms="3" status="PASS">
          <params>
            <param index="0">
              <value>
                <![CDATA[public void tests.LowCabFareTests.testClickApplyLink()]]>
              </value>
            </param>
          </params>
          <reporter-output>
          </reporter-output>
        </test-method> <!-- setPage -->
        <test-method signature="testClickApplyLink()[pri:10, instance:tests.LowCabFareTests@f09733f]" started-at="2023-07-10T10:31:34 IST" name="testClickApplyLink" finished-at="2023-07-10T10:31:35 IST" depends-on-methods="tests.LowCabFareTests.testClickTimePickerLink" duration-ms="274" status="PASS">
          <reporter-output>
          </reporter-output>
        </test-method> <!-- testClickApplyLink -->
        <test-method is-config="true" signature="takeFailedScreenshots(org.testng.ITestResult)[pri:0, instance:tests.LowCabFareTests@f09733f]" started-at="2023-07-10T10:31:35 IST" name="takeFailedScreenshots" finished-at="2023-07-10T10:31:35 IST" duration-ms="405" status="PASS">
          <params>
            <param index="0">
              <value>
                <![CDATA[[TestResult name=testClickApplyLink status=SUCCESS method=LowCabFareTests.testClickApplyLink()[pri:10, instance:tests.LowCabFareTests@f09733f] output={null}]]]>
              </value>
            </param>
          </params>
          <reporter-output>
          </reporter-output>
        </test-method> <!-- takeFailedScreenshots -->
        <test-method is-config="true" signature="setPage(java.lang.reflect.Method)[pri:0, instance:tests.LowCabFareTests@f09733f]" started-at="2023-07-10T10:31:35 IST" name="setPage" finished-at="2023-07-10T10:31:35 IST" duration-ms="3" status="PASS">
          <params>
            <param index="0">
              <value>
                <![CDATA[public void tests.LowCabFareTests.testClickSearchLink()]]>
              </value>
            </param>
          </params>
          <reporter-output>
          </reporter-output>
        </test-method> <!-- setPage -->
        <test-method signature="testClickSearchLink()[pri:11, instance:tests.LowCabFareTests@f09733f]" started-at="2023-07-10T10:31:35 IST" name="testClickSearchLink" finished-at="2023-07-10T10:31:41 IST" depends-on-methods="tests.LowCabFareTests.testClickTimePickerLink" duration-ms="6279" status="PASS">
          <reporter-output>
          </reporter-output>
        </test-method> <!-- testClickSearchLink -->
        <test-method is-config="true" signature="takeFailedScreenshots(org.testng.ITestResult)[pri:0, instance:tests.LowCabFareTests@f09733f]" started-at="2023-07-10T10:31:41 IST" name="takeFailedScreenshots" finished-at="2023-07-10T10:31:42 IST" duration-ms="444" status="PASS">
          <params>
            <param index="0">
              <value>
                <![CDATA[[TestResult name=testClickSearchLink status=SUCCESS method=LowCabFareTests.testClickSearchLink()[pri:11, instance:tests.LowCabFareTests@f09733f] output={null}]]]>
              </value>
            </param>
          </params>
          <reporter-output>
          </reporter-output>
        </test-method> <!-- takeFailedScreenshots -->
        <test-method is-config="true" signature="setPage(java.lang.reflect.Method)[pri:0, instance:tests.LowCabFareTests@f09733f]" started-at="2023-07-10T10:31:42 IST" name="setPage" finished-at="2023-07-10T10:31:42 IST" duration-ms="7" status="PASS">
          <params>
            <param index="0">
              <value>
                <![CDATA[public void tests.LowCabFareTests.testClickSortLink()]]>
              </value>
            </param>
          </params>
          <reporter-output>
          </reporter-output>
        </test-method> <!-- setPage -->
        <test-method signature="testClickSortLink()[pri:12, instance:tests.LowCabFareTests@f09733f]" started-at="2023-07-10T10:31:42 IST" name="testClickSortLink" finished-at="2023-07-10T10:31:44 IST" depends-on-methods="tests.LowCabFareTests.testClickSearchLink" duration-ms="2527" status="PASS">
          <reporter-output>
          </reporter-output>
        </test-method> <!-- testClickSortLink -->
        <test-method is-config="true" signature="takeFailedScreenshots(org.testng.ITestResult)[pri:0, instance:tests.LowCabFareTests@f09733f]" started-at="2023-07-10T10:31:44 IST" name="takeFailedScreenshots" finished-at="2023-07-10T10:31:45 IST" duration-ms="376" status="PASS">
          <params>
            <param index="0">
              <value>
                <![CDATA[[TestResult name=testClickSortLink status=SUCCESS method=LowCabFareTests.testClickSortLink()[pri:12, instance:tests.LowCabFareTests@f09733f] output={null}]]]>
              </value>
            </param>
          </params>
          <reporter-output>
          </reporter-output>
        </test-method> <!-- takeFailedScreenshots -->
        <test-method is-config="true" signature="setPage(java.lang.reflect.Method)[pri:0, instance:tests.LowCabFareTests@f09733f]" started-at="2023-07-10T10:31:45 IST" name="setPage" finished-at="2023-07-10T10:31:45 IST" duration-ms="4" status="PASS">
          <params>
            <param index="0">
              <value>
                <![CDATA[public void tests.LowCabFareTests.testSelectSuv() throws java.lang.InterruptedException]]>
              </value>
            </param>
          </params>
          <reporter-output>
          </reporter-output>
        </test-method> <!-- setPage -->
        <test-method signature="testSelectSuv()[pri:13, instance:tests.LowCabFareTests@f09733f]" started-at="2023-07-10T10:31:45 IST" name="testSelectSuv" finished-at="2023-07-10T10:31:45 IST" depends-on-methods="tests.LowCabFareTests.testClickSortLink" duration-ms="322" status="PASS">
          <reporter-output>
          </reporter-output>
        </test-method> <!-- testSelectSuv -->
        <test-method is-config="true" signature="takeFailedScreenshots(org.testng.ITestResult)[pri:0, instance:tests.LowCabFareTests@f09733f]" started-at="2023-07-10T10:31:45 IST" name="takeFailedScreenshots" finished-at="2023-07-10T10:31:45 IST" duration-ms="301" status="PASS">
          <params>
            <param index="0">
              <value>
                <![CDATA[[TestResult name=testSelectSuv status=SUCCESS method=LowCabFareTests.testSelectSuv()[pri:13, instance:tests.LowCabFareTests@f09733f] output={null}]]]>
              </value>
            </param>
          </params>
          <reporter-output>
          </reporter-output>
        </test-method> <!-- takeFailedScreenshots -->
        <test-method is-config="true" signature="setPage(java.lang.reflect.Method)[pri:0, instance:tests.LowCabFareTests@f09733f]" started-at="2023-07-10T10:31:45 IST" name="setPage" finished-at="2023-07-10T10:31:45 IST" duration-ms="2" status="PASS">
          <params>
            <param index="0">
              <value>
                <![CDATA[public void tests.LowCabFareTests.testClickLowestFare()]]>
              </value>
            </param>
          </params>
          <reporter-output>
          </reporter-output>
        </test-method> <!-- setPage -->
        <test-method signature="testClickLowestFare()[pri:14, instance:tests.LowCabFareTests@f09733f]" started-at="2023-07-10T10:31:45 IST" name="testClickLowestFare" finished-at="2023-07-10T10:31:46 IST" depends-on-methods="tests.LowCabFareTests.testSelectSuv" duration-ms="277" status="PASS">
          <reporter-output>
          </reporter-output>
        </test-method> <!-- testClickLowestFare -->
        <test-method is-config="true" signature="takeFailedScreenshots(org.testng.ITestResult)[pri:0, instance:tests.LowCabFareTests@f09733f]" started-at="2023-07-10T10:31:46 IST" name="takeFailedScreenshots" finished-at="2023-07-10T10:31:46 IST" duration-ms="312" status="PASS">
          <params>
            <param index="0">
              <value>
                <![CDATA[[TestResult name=testClickLowestFare status=SUCCESS method=LowCabFareTests.testClickLowestFare()[pri:14, instance:tests.LowCabFareTests@f09733f] output={null}]]]>
              </value>
            </param>
          </params>
          <reporter-output>
          </reporter-output>
        </test-method> <!-- takeFailedScreenshots -->
        <test-method is-config="true" signature="setPage(java.lang.reflect.Method)[pri:0, instance:tests.LowCabFareTests@f09733f]" started-at="2023-07-10T10:31:46 IST" name="setPage" finished-at="2023-07-10T10:31:46 IST" duration-ms="2" status="PASS">
          <params>
            <param index="0">
              <value>
                <![CDATA[public void tests.LowCabFareTests.testGetPrice() throws java.lang.Exception]]>
              </value>
            </param>
          </params>
          <reporter-output>
          </reporter-output>
        </test-method> <!-- setPage -->
        <test-method signature="testGetPrice()[pri:15, instance:tests.LowCabFareTests@f09733f]" started-at="2023-07-10T10:31:46 IST" name="testGetPrice" finished-at="2023-07-10T10:31:48 IST" depends-on-methods="tests.LowCabFareTests.testClickLowestFare" duration-ms="2512" status="PASS">
          <reporter-output>
          </reporter-output>
        </test-method> <!-- testGetPrice -->
        <test-method is-config="true" signature="takeFailedScreenshots(org.testng.ITestResult)[pri:0, instance:tests.LowCabFareTests@f09733f]" started-at="2023-07-10T10:31:48 IST" name="takeFailedScreenshots" finished-at="2023-07-10T10:31:49 IST" duration-ms="239" status="PASS">
          <params>
            <param index="0">
              <value>
                <![CDATA[[TestResult name=testGetPrice status=SUCCESS method=LowCabFareTests.testGetPrice()[pri:15, instance:tests.LowCabFareTests@f09733f] output={null}]]]>
              </value>
            </param>
          </params>
          <reporter-output>
          </reporter-output>
        </test-method> <!-- takeFailedScreenshots -->
        <test-method is-config="true" signature="tearDown()[pri:0, instance:tests.LowCabFareTests@f09733f]" started-at="2023-07-10T10:31:49 IST" name="tearDown" finished-at="2023-07-10T10:31:49 IST" duration-ms="815" status="PASS">
          <reporter-output>
          </reporter-output>
        </test-method> <!-- tearDown -->
        <test-method is-config="true" signature="closeExtentReport()[pri:0, instance:tests.LowCabFareTests@f09733f]" started-at="2023-07-10T10:32:46 IST" name="closeExtentReport" finished-at="2023-07-10T10:32:47 IST" duration-ms="924" status="PASS">
          <reporter-output>
          </reporter-output>
        </test-method> <!-- closeExtentReport -->
      </class> <!-- tests.LowCabFareTests -->
      <class name="tests.BookHotelTests">
        <test-method is-config="true" signature="initDriver(java.lang.String)[pri:0, instance:tests.BookHotelTests@60099951]" started-at="2023-07-10T10:32:17 IST" name="initDriver" finished-at="2023-07-10T10:32:22 IST" duration-ms="4498" status="PASS">
          <params>
            <param index="0">
              <value>
                <![CDATA[chrome]]>
              </value>
            </param>
          </params>
          <reporter-output>
          </reporter-output>
        </test-method> <!-- initDriver -->
        <test-method is-config="true" signature="initExtentReport(org.testng.ITestContext)[pri:0, instance:tests.BookHotelTests@60099951]" started-at="2023-07-10T10:32:22 IST" name="initExtentReport" finished-at="2023-07-10T10:32:22 IST" duration-ms="0" status="PASS">
          <params>
            <param index="0">
              <value>
                <![CDATA[org.testng.TestRunner@536da29c]]>
              </value>
            </param>
          </params>
          <reporter-output>
          </reporter-output>
        </test-method> <!-- initExtentReport -->
        <test-method is-config="true" signature="setPage(java.lang.reflect.Method)[pri:0, instance:tests.BookHotelTests@60099951]" started-at="2023-07-10T10:32:22 IST" name="setPage" finished-at="2023-07-10T10:32:22 IST" duration-ms="7" status="PASS">
          <params>
            <param index="0">
              <value>
                <![CDATA[public void tests.BookHotelTests.testVisitMakeMyTrip() throws java.lang.InterruptedException]]>
              </value>
            </param>
          </params>
          <reporter-output>
          </reporter-output>
        </test-method> <!-- setPage -->
        <test-method signature="testVisitMakeMyTrip()[pri:1, instance:tests.BookHotelTests@60099951]" started-at="2023-07-10T10:32:22 IST" name="testVisitMakeMyTrip" finished-at="2023-07-10T10:32:34 IST" duration-ms="12725" status="PASS">
          <reporter-output>
          </reporter-output>
        </test-method> <!-- testVisitMakeMyTrip -->
        <test-method is-config="true" signature="takeFailedScreenshots(org.testng.ITestResult)[pri:0, instance:tests.BookHotelTests@60099951]" started-at="2023-07-10T10:32:34 IST" name="takeFailedScreenshots" finished-at="2023-07-10T10:32:35 IST" duration-ms="691" status="PASS">
          <params>
            <param index="0">
              <value>
                <![CDATA[[TestResult name=testVisitMakeMyTrip status=SUCCESS method=BookHotelTests.testVisitMakeMyTrip()[pri:1, instance:tests.BookHotelTests@60099951] output={null}]]]>
              </value>
            </param>
          </params>
          <reporter-output>
          </reporter-output>
        </test-method> <!-- takeFailedScreenshots -->
        <test-method is-config="true" signature="setPage(java.lang.reflect.Method)[pri:0, instance:tests.BookHotelTests@60099951]" started-at="2023-07-10T10:32:35 IST" name="setPage" finished-at="2023-07-10T10:32:35 IST" duration-ms="1" status="PASS">
          <params>
            <param index="0">
              <value>
                <![CDATA[public void tests.BookHotelTests.testHandleModal() throws java.lang.InterruptedException]]>
              </value>
            </param>
          </params>
          <reporter-output>
          </reporter-output>
        </test-method> <!-- setPage -->
        <test-method signature="testHandleModal()[pri:2, instance:tests.BookHotelTests@60099951]" started-at="2023-07-10T10:32:35 IST" name="testHandleModal" finished-at="2023-07-10T10:32:36 IST" depends-on-methods="tests.BookHotelTests.testVisitMakeMyTrip" duration-ms="1301" status="PASS">
          <reporter-output>
          </reporter-output>
        </test-method> <!-- testHandleModal -->
        <test-method is-config="true" signature="takeFailedScreenshots(org.testng.ITestResult)[pri:0, instance:tests.BookHotelTests@60099951]" started-at="2023-07-10T10:32:36 IST" name="takeFailedScreenshots" finished-at="2023-07-10T10:32:37 IST" duration-ms="855" status="PASS">
          <params>
            <param index="0">
              <value>
                <![CDATA[[TestResult name=testHandleModal status=SUCCESS method=BookHotelTests.testHandleModal()[pri:2, instance:tests.BookHotelTests@60099951] output={null}]]]>
              </value>
            </param>
          </params>
          <reporter-output>
          </reporter-output>
        </test-method> <!-- takeFailedScreenshots -->
        <test-method is-config="true" signature="setPage(java.lang.reflect.Method)[pri:0, instance:tests.BookHotelTests@60099951]" started-at="2023-07-10T10:32:37 IST" name="setPage" finished-at="2023-07-10T10:32:37 IST" duration-ms="2" status="PASS">
          <params>
            <param index="0">
              <value>
                <![CDATA[public void tests.BookHotelTests.testClickHotelBtn()]]>
              </value>
            </param>
          </params>
          <reporter-output>
          </reporter-output>
        </test-method> <!-- setPage -->
        <test-method signature="testClickHotelBtn()[pri:3, instance:tests.BookHotelTests@60099951]" started-at="2023-07-10T10:32:37 IST" name="testClickHotelBtn" finished-at="2023-07-10T10:32:38 IST" depends-on-methods="tests.BookHotelTests.testHandleModal" duration-ms="612" status="PASS">
          <reporter-output>
          </reporter-output>
        </test-method> <!-- testClickHotelBtn -->
        <test-method is-config="true" signature="takeFailedScreenshots(org.testng.ITestResult)[pri:0, instance:tests.BookHotelTests@60099951]" started-at="2023-07-10T10:32:38 IST" name="takeFailedScreenshots" finished-at="2023-07-10T10:32:38 IST" duration-ms="423" status="PASS">
          <params>
            <param index="0">
              <value>
                <![CDATA[[TestResult name=testClickHotelBtn status=SUCCESS method=BookHotelTests.testClickHotelBtn()[pri:3, instance:tests.BookHotelTests@60099951] output={null}]]]>
              </value>
            </param>
          </params>
          <reporter-output>
          </reporter-output>
        </test-method> <!-- takeFailedScreenshots -->
        <test-method is-config="true" signature="setPage(java.lang.reflect.Method)[pri:0, instance:tests.BookHotelTests@60099951]" started-at="2023-07-10T10:32:38 IST" name="setPage" finished-at="2023-07-10T10:32:38 IST" duration-ms="5" status="PASS">
          <params>
            <param index="0">
              <value>
                <![CDATA[public void tests.BookHotelTests.testRoomsNGuest()]]>
              </value>
            </param>
          </params>
          <reporter-output>
          </reporter-output>
        </test-method> <!-- setPage -->
        <test-method signature="testRoomsNGuest()[pri:4, instance:tests.BookHotelTests@60099951]" started-at="2023-07-10T10:32:38 IST" name="testRoomsNGuest" finished-at="2023-07-10T10:32:39 IST" depends-on-methods="tests.BookHotelTests.testClickHotelBtn" duration-ms="638" status="PASS">
          <reporter-output>
          </reporter-output>
        </test-method> <!-- testRoomsNGuest -->
        <test-method is-config="true" signature="takeFailedScreenshots(org.testng.ITestResult)[pri:0, instance:tests.BookHotelTests@60099951]" started-at="2023-07-10T10:32:39 IST" name="takeFailedScreenshots" finished-at="2023-07-10T10:32:40 IST" duration-ms="800" status="PASS">
          <params>
            <param index="0">
              <value>
                <![CDATA[[TestResult name=testRoomsNGuest status=SUCCESS method=BookHotelTests.testRoomsNGuest()[pri:4, instance:tests.BookHotelTests@60099951] output={null}]]]>
              </value>
            </param>
          </params>
          <reporter-output>
          </reporter-output>
        </test-method> <!-- takeFailedScreenshots -->
        <test-method is-config="true" signature="setPage(java.lang.reflect.Method)[pri:0, instance:tests.BookHotelTests@60099951]" started-at="2023-07-10T10:32:40 IST" name="setPage" finished-at="2023-07-10T10:32:40 IST" duration-ms="1" status="PASS">
          <params>
            <param index="0">
              <value>
                <![CDATA[public void tests.BookHotelTests.testAdultsNo()]]>
              </value>
            </param>
          </params>
          <reporter-output>
          </reporter-output>
        </test-method> <!-- setPage -->
        <test-method signature="testAdultsNo()[pri:5, instance:tests.BookHotelTests@60099951]" started-at="2023-07-10T10:32:40 IST" name="testAdultsNo" finished-at="2023-07-10T10:32:40 IST" depends-on-methods="tests.BookHotelTests.testRoomsNGuest" duration-ms="269" status="PASS">
          <reporter-output>
          </reporter-output>
        </test-method> <!-- testAdultsNo -->
        <test-method is-config="true" signature="takeFailedScreenshots(org.testng.ITestResult)[pri:0, instance:tests.BookHotelTests@60099951]" started-at="2023-07-10T10:32:40 IST" name="takeFailedScreenshots" finished-at="2023-07-10T10:32:40 IST" duration-ms="441" status="PASS">
          <params>
            <param index="0">
              <value>
                <![CDATA[[TestResult name=testAdultsNo status=SUCCESS method=BookHotelTests.testAdultsNo()[pri:5, instance:tests.BookHotelTests@60099951] output={null}]]]>
              </value>
            </param>
          </params>
          <reporter-output>
          </reporter-output>
        </test-method> <!-- takeFailedScreenshots -->
        <test-method is-config="true" signature="setPage(java.lang.reflect.Method)[pri:0, instance:tests.BookHotelTests@60099951]" started-at="2023-07-10T10:32:40 IST" name="setPage" finished-at="2023-07-10T10:32:40 IST" duration-ms="1" status="PASS">
          <params>
            <param index="0">
              <value>
                <![CDATA[public void tests.BookHotelTests.testListAdult() throws java.lang.Exception]]>
              </value>
            </param>
          </params>
          <reporter-output>
          </reporter-output>
        </test-method> <!-- setPage -->
        <test-method signature="testListAdult()[pri:6, instance:tests.BookHotelTests@60099951]" started-at="2023-07-10T10:32:40 IST" name="testListAdult" finished-at="2023-07-10T10:32:42 IST" depends-on-methods="tests.BookHotelTests.testAdultsNo" duration-ms="1372" status="PASS">
          <reporter-output>
          </reporter-output>
        </test-method> <!-- testListAdult -->
        <test-method is-config="true" signature="takeFailedScreenshots(org.testng.ITestResult)[pri:0, instance:tests.BookHotelTests@60099951]" started-at="2023-07-10T10:32:42 IST" name="takeFailedScreenshots" finished-at="2023-07-10T10:32:42 IST" duration-ms="389" status="PASS">
          <params>
            <param index="0">
              <value>
                <![CDATA[[TestResult name=testListAdult status=SUCCESS method=BookHotelTests.testListAdult()[pri:6, instance:tests.BookHotelTests@60099951] output={null}]]]>
              </value>
            </param>
          </params>
          <reporter-output>
          </reporter-output>
        </test-method> <!-- takeFailedScreenshots -->
        <test-method is-config="true" signature="setPage(java.lang.reflect.Method)[pri:0, instance:tests.BookHotelTests@60099951]" started-at="2023-07-10T10:32:42 IST" name="setPage" finished-at="2023-07-10T10:32:42 IST" duration-ms="1" status="PASS">
          <params>
            <param index="0">
              <value>
                <![CDATA[public void tests.BookHotelTests.testNavigateBack() throws java.lang.InterruptedException]]>
              </value>
            </param>
          </params>
          <reporter-output>
          </reporter-output>
        </test-method> <!-- setPage -->
        <test-method signature="testNavigateBack()[pri:7, instance:tests.BookHotelTests@60099951]" started-at="2023-07-10T10:32:42 IST" name="testNavigateBack" finished-at="2023-07-10T10:32:45 IST" depends-on-methods="tests.BookHotelTests.testListAdult" duration-ms="2365" status="PASS">
          <reporter-output>
          </reporter-output>
        </test-method> <!-- testNavigateBack -->
        <test-method is-config="true" signature="takeFailedScreenshots(org.testng.ITestResult)[pri:0, instance:tests.BookHotelTests@60099951]" started-at="2023-07-10T10:32:45 IST" name="takeFailedScreenshots" finished-at="2023-07-10T10:32:45 IST" duration-ms="294" status="PASS">
          <params>
            <param index="0">
              <value>
                <![CDATA[[TestResult name=testNavigateBack status=SUCCESS method=BookHotelTests.testNavigateBack()[pri:7, instance:tests.BookHotelTests@60099951] output={null}]]]>
              </value>
            </param>
          </params>
          <reporter-output>
          </reporter-output>
        </test-method> <!-- takeFailedScreenshots -->
        <test-method is-config="true" signature="tearDown()[pri:0, instance:tests.BookHotelTests@60099951]" started-at="2023-07-10T10:32:45 IST" name="tearDown" finished-at="2023-07-10T10:32:46 IST" duration-ms="641" status="PASS">
          <reporter-output>
          </reporter-output>
        </test-method> <!-- tearDown -->
      </class> <!-- tests.BookHotelTests -->
    </test> <!-- Test: Chrome -->
  </suite> <!-- MakeMyTrip Chrome Suite -->
  <suite started-at="2023-07-10T10:34:14 IST" name="MakeMyTrip Generic Suite" finished-at="2023-07-10T10:34:14 IST" duration-ms="0">
    <groups>
    </groups>
  </suite> <!-- MakeMyTrip Generic Suite -->
  <suite started-at="2023-07-10T10:32:47 IST" name="MakeMyTrip Edge Suite" finished-at="2023-07-10T10:34:13 IST" duration-ms="86815">
    <groups>
    </groups>
    <test started-at="2023-07-10T10:32:47 IST" name="Test: Edge" finished-at="2023-07-10T10:34:13 IST" duration-ms="86815">
      <class name="tests.GiftCardTests">
        <test-method is-config="true" signature="initDriver(java.lang.String)[pri:0, instance:tests.GiftCardTests@74e28667]" started-at="2023-07-10T10:33:26 IST" name="initDriver" finished-at="2023-07-10T10:33:28 IST" duration-ms="2500" status="PASS">
          <params>
            <param index="0">
              <value>
                <![CDATA[edge]]>
              </value>
            </param>
          </params>
          <reporter-output>
          </reporter-output>
        </test-method> <!-- initDriver -->
        <test-method is-config="true" signature="initExtentReport(org.testng.ITestContext)[pri:0, instance:tests.GiftCardTests@74e28667]" started-at="2023-07-10T10:33:28 IST" name="initExtentReport" finished-at="2023-07-10T10:33:28 IST" duration-ms="2" status="PASS">
          <params>
            <param index="0">
              <value>
                <![CDATA[org.testng.TestRunner@72f3f14c]]>
              </value>
            </param>
          </params>
          <reporter-output>
          </reporter-output>
        </test-method> <!-- initExtentReport -->
        <test-method is-config="true" signature="setPage(java.lang.reflect.Method)[pri:0, instance:tests.GiftCardTests@74e28667]" started-at="2023-07-10T10:33:28 IST" name="setPage" finished-at="2023-07-10T10:33:28 IST" duration-ms="5" status="PASS">
          <params>
            <param index="0">
              <value>
                <![CDATA[public void tests.GiftCardTests.testVisitMakeMyTrip() throws java.lang.InterruptedException]]>
              </value>
            </param>
          </params>
          <reporter-output>
          </reporter-output>
        </test-method> <!-- setPage -->
        <test-method signature="testVisitMakeMyTrip()[pri:1, instance:tests.GiftCardTests@74e28667]" started-at="2023-07-10T10:33:28 IST" name="testVisitMakeMyTrip" finished-at="2023-07-10T10:33:40 IST" duration-ms="12069" status="PASS">
          <reporter-output>
          </reporter-output>
        </test-method> <!-- testVisitMakeMyTrip -->
        <test-method is-config="true" signature="takeFailedScreenshots(org.testng.ITestResult)[pri:0, instance:tests.GiftCardTests@74e28667]" started-at="2023-07-10T10:33:40 IST" name="takeFailedScreenshots" finished-at="2023-07-10T10:33:41 IST" duration-ms="294" status="PASS">
          <params>
            <param index="0">
              <value>
                <![CDATA[[TestResult name=testVisitMakeMyTrip status=SUCCESS method=GiftCardTests.testVisitMakeMyTrip()[pri:1, instance:tests.GiftCardTests@74e28667] output={null}]]]>
              </value>
            </param>
          </params>
          <reporter-output>
          </reporter-output>
        </test-method> <!-- takeFailedScreenshots -->
        <test-method signature="testSelectingCard()[pri:2, instance:tests.GiftCardTests@74e28667]" started-at="2023-07-10T10:33:41 IST" name="testSelectingCard" finished-at="2023-07-10T10:33:43 IST" depends-on-methods="tests.GiftCardTests.testVisitMakeMyTrip" duration-ms="2136" status="PASS">
          <reporter-output>
          </reporter-output>
        </test-method> <!-- testSelectingCard -->
        <test-method is-config="true" signature="setPage(java.lang.reflect.Method)[pri:0, instance:tests.GiftCardTests@74e28667]" started-at="2023-07-10T10:33:41 IST" name="setPage" finished-at="2023-07-10T10:33:41 IST" duration-ms="0" status="PASS">
          <params>
            <param index="0">
              <value>
                <![CDATA[public void tests.GiftCardTests.testSelectingCard() throws java.lang.InterruptedException]]>
              </value>
            </param>
          </params>
          <reporter-output>
          </reporter-output>
        </test-method> <!-- setPage -->
        <test-method is-config="true" signature="takeFailedScreenshots(org.testng.ITestResult)[pri:0, instance:tests.GiftCardTests@74e28667]" started-at="2023-07-10T10:33:43 IST" name="takeFailedScreenshots" finished-at="2023-07-10T10:33:43 IST" duration-ms="145" status="PASS">
          <params>
            <param index="0">
              <value>
                <![CDATA[[TestResult name=testSelectingCard status=SUCCESS method=GiftCardTests.testSelectingCard()[pri:2, instance:tests.GiftCardTests@74e28667] output={null}]]]>
              </value>
            </param>
          </params>
          <reporter-output>
          </reporter-output>
        </test-method> <!-- takeFailedScreenshots -->
        <test-method is-config="true" signature="setPage(java.lang.reflect.Method)[pri:0, instance:tests.GiftCardTests@74e28667]" started-at="2023-07-10T10:33:43 IST" name="setPage" finished-at="2023-07-10T10:33:43 IST" duration-ms="1" status="PASS">
          <params>
            <param index="0">
              <value>
                <![CDATA[public void tests.GiftCardTests.testSendingKeys() throws java.lang.InterruptedException]]>
              </value>
            </param>
          </params>
          <reporter-output>
          </reporter-output>
        </test-method> <!-- setPage -->
        <test-method signature="testSendingKeys()[pri:3, instance:tests.GiftCardTests@74e28667]" started-at="2023-07-10T10:33:43 IST" name="testSendingKeys" finished-at="2023-07-10T10:33:46 IST" depends-on-methods="tests.GiftCardTests.testSelectingCard" duration-ms="2702" status="PASS">
          <reporter-output>
          </reporter-output>
        </test-method> <!-- testSendingKeys -->
        <test-method is-config="true" signature="takeFailedScreenshots(org.testng.ITestResult)[pri:0, instance:tests.GiftCardTests@74e28667]" started-at="2023-07-10T10:33:46 IST" name="takeFailedScreenshots" finished-at="2023-07-10T10:33:46 IST" duration-ms="230" status="PASS">
          <params>
            <param index="0">
              <value>
                <![CDATA[[TestResult name=testSendingKeys status=SUCCESS method=GiftCardTests.testSendingKeys()[pri:3, instance:tests.GiftCardTests@74e28667] output={null}]]]>
              </value>
            </param>
          </params>
          <reporter-output>
          </reporter-output>
        </test-method> <!-- takeFailedScreenshots -->
        <test-method is-config="true" signature="setPage(java.lang.reflect.Method)[pri:0, instance:tests.GiftCardTests@74e28667]" started-at="2023-07-10T10:33:46 IST" name="setPage" finished-at="2023-07-10T10:33:46 IST" duration-ms="2" status="PASS">
          <params>
            <param index="0">
              <value>
                <![CDATA[public void tests.GiftCardTests.testSubmitting()]]>
              </value>
            </param>
          </params>
          <reporter-output>
          </reporter-output>
        </test-method> <!-- setPage -->
        <test-method signature="testSubmitting()[pri:4, instance:tests.GiftCardTests@74e28667]" started-at="2023-07-10T10:33:46 IST" name="testSubmitting" finished-at="2023-07-10T10:33:46 IST" depends-on-methods="tests.GiftCardTests.testSendingKeys" duration-ms="366" status="PASS">
          <reporter-output>
          </reporter-output>
        </test-method> <!-- testSubmitting -->
        <test-method is-config="true" signature="takeFailedScreenshots(org.testng.ITestResult)[pri:0, instance:tests.GiftCardTests@74e28667]" started-at="2023-07-10T10:33:46 IST" name="takeFailedScreenshots" finished-at="2023-07-10T10:33:47 IST" duration-ms="213" status="PASS">
          <params>
            <param index="0">
              <value>
                <![CDATA[[TestResult name=testSubmitting status=SUCCESS method=GiftCardTests.testSubmitting()[pri:4, instance:tests.GiftCardTests@74e28667] output={null}]]]>
              </value>
            </param>
          </params>
          <reporter-output>
          </reporter-output>
        </test-method> <!-- takeFailedScreenshots -->
        <test-method is-config="true" signature="setPage(java.lang.reflect.Method)[pri:0, instance:tests.GiftCardTests@74e28667]" started-at="2023-07-10T10:33:47 IST" name="setPage" finished-at="2023-07-10T10:33:47 IST" duration-ms="1" status="PASS">
          <params>
            <param index="0">
              <value>
                <![CDATA[public void tests.GiftCardTests.testShowError() throws java.lang.Exception]]>
              </value>
            </param>
          </params>
          <reporter-output>
          </reporter-output>
        </test-method> <!-- setPage -->
        <test-method signature="testShowError()[pri:5, instance:tests.GiftCardTests@74e28667]" started-at="2023-07-10T10:33:47 IST" name="testShowError" finished-at="2023-07-10T10:33:47 IST" depends-on-methods="tests.GiftCardTests.testSubmitting" duration-ms="246" status="PASS">
          <reporter-output>
          </reporter-output>
        </test-method> <!-- testShowError -->
        <test-method is-config="true" signature="takeFailedScreenshots(org.testng.ITestResult)[pri:0, instance:tests.GiftCardTests@74e28667]" started-at="2023-07-10T10:33:47 IST" name="takeFailedScreenshots" finished-at="2023-07-10T10:33:47 IST" duration-ms="224" status="PASS">
          <params>
            <param index="0">
              <value>
                <![CDATA[[TestResult name=testShowError status=SUCCESS method=GiftCardTests.testShowError()[pri:5, instance:tests.GiftCardTests@74e28667] output={null}]]]>
              </value>
            </param>
          </params>
          <reporter-output>
          </reporter-output>
        </test-method> <!-- takeFailedScreenshots -->
        <test-method is-config="true" signature="tearDown()[pri:0, instance:tests.GiftCardTests@74e28667]" started-at="2023-07-10T10:33:47 IST" name="tearDown" finished-at="2023-07-10T10:33:48 IST" duration-ms="824" status="PASS">
          <reporter-output>
          </reporter-output>
        </test-method> <!-- tearDown -->
      </class> <!-- tests.GiftCardTests -->
      <class name="tests.LowCabFareTests">
        <test-method is-config="true" signature="initDriver(java.lang.String)[pri:0, instance:tests.LowCabFareTests@7161d8d1]" started-at="2023-07-10T10:32:47 IST" name="initDriver" finished-at="2023-07-10T10:32:49 IST" duration-ms="2875" status="PASS">
          <params>
            <param index="0">
              <value>
                <![CDATA[edge]]>
              </value>
            </param>
          </params>
          <reporter-output>
          </reporter-output>
        </test-method> <!-- initDriver -->
        <test-method is-config="true" signature="initExtentReport(org.testng.ITestContext)[pri:0, instance:tests.LowCabFareTests@7161d8d1]" started-at="2023-07-10T10:32:49 IST" name="initExtentReport" finished-at="2023-07-10T10:32:49 IST" duration-ms="1" status="PASS">
          <params>
            <param index="0">
              <value>
                <![CDATA[org.testng.TestRunner@72f3f14c]]>
              </value>
            </param>
          </params>
          <reporter-output>
          </reporter-output>
        </test-method> <!-- initExtentReport -->
        <test-method is-config="true" signature="setPage(java.lang.reflect.Method)[pri:0, instance:tests.LowCabFareTests@7161d8d1]" started-at="2023-07-10T10:32:49 IST" name="setPage" finished-at="2023-07-10T10:32:50 IST" duration-ms="8" status="PASS">
          <params>
            <param index="0">
              <value>
                <![CDATA[public void tests.LowCabFareTests.testVisitMakeMyTrip() throws java.lang.InterruptedException]]>
              </value>
            </param>
          </params>
          <reporter-output>
          </reporter-output>
        </test-method> <!-- setPage -->
        <test-method signature="testVisitMakeMyTrip()[pri:1, instance:tests.LowCabFareTests@7161d8d1]" started-at="2023-07-10T10:32:50 IST" name="testVisitMakeMyTrip" finished-at="2023-07-10T10:33:01 IST" duration-ms="11964" status="PASS">
          <reporter-output>
          </reporter-output>
        </test-method> <!-- testVisitMakeMyTrip -->
        <test-method is-config="true" signature="takeFailedScreenshots(org.testng.ITestResult)[pri:0, instance:tests.LowCabFareTests@7161d8d1]" started-at="2023-07-10T10:33:01 IST" name="takeFailedScreenshots" finished-at="2023-07-10T10:33:02 IST" duration-ms="898" status="PASS">
          <params>
            <param index="0">
              <value>
                <![CDATA[[TestResult name=testVisitMakeMyTrip status=SUCCESS method=LowCabFareTests.testVisitMakeMyTrip()[pri:1, instance:tests.LowCabFareTests@7161d8d1] output={null}]]]>
              </value>
            </param>
          </params>
          <reporter-output>
          </reporter-output>
        </test-method> <!-- takeFailedScreenshots -->
        <test-method is-config="true" signature="setPage(java.lang.reflect.Method)[pri:0, instance:tests.LowCabFareTests@7161d8d1]" started-at="2023-07-10T10:33:02 IST" name="setPage" finished-at="2023-07-10T10:33:02 IST" duration-ms="2" status="PASS">
          <params>
            <param index="0">
              <value>
                <![CDATA[public void tests.LowCabFareTests.testHandleModal() throws java.lang.InterruptedException]]>
              </value>
            </param>
          </params>
          <reporter-output>
          </reporter-output>
        </test-method> <!-- setPage -->
        <test-method signature="testHandleModal()[pri:2, instance:tests.LowCabFareTests@7161d8d1]" started-at="2023-07-10T10:33:02 IST" name="testHandleModal" finished-at="2023-07-10T10:33:04 IST" depends-on-methods="tests.LowCabFareTests.testVisitMakeMyTrip" duration-ms="1335" status="PASS">
          <reporter-output>
          </reporter-output>
        </test-method> <!-- testHandleModal -->
        <test-method is-config="true" signature="takeFailedScreenshots(org.testng.ITestResult)[pri:0, instance:tests.LowCabFareTests@7161d8d1]" started-at="2023-07-10T10:33:04 IST" name="takeFailedScreenshots" finished-at="2023-07-10T10:33:04 IST" duration-ms="721" status="PASS">
          <params>
            <param index="0">
              <value>
                <![CDATA[[TestResult name=testHandleModal status=SUCCESS method=LowCabFareTests.testHandleModal()[pri:2, instance:tests.LowCabFareTests@7161d8d1] output={null}]]]>
              </value>
            </param>
          </params>
          <reporter-output>
          </reporter-output>
        </test-method> <!-- takeFailedScreenshots -->
        <test-method is-config="true" signature="setPage(java.lang.reflect.Method)[pri:0, instance:tests.LowCabFareTests@7161d8d1]" started-at="2023-07-10T10:33:04 IST" name="setPage" finished-at="2023-07-10T10:33:04 IST" duration-ms="6" status="PASS">
          <params>
            <param index="0">
              <value>
                <![CDATA[public void tests.LowCabFareTests.testClickCabsLink() throws java.lang.InterruptedException]]>
              </value>
            </param>
          </params>
          <reporter-output>
          </reporter-output>
        </test-method> <!-- setPage -->
        <test-method signature="testClickCabsLink()[pri:3, instance:tests.LowCabFareTests@7161d8d1]" started-at="2023-07-10T10:33:04 IST" name="testClickCabsLink" finished-at="2023-07-10T10:33:05 IST" depends-on-methods="tests.LowCabFareTests.testHandleModal" duration-ms="780" status="PASS">
          <reporter-output>
          </reporter-output>
        </test-method> <!-- testClickCabsLink -->
        <test-method is-config="true" signature="takeFailedScreenshots(org.testng.ITestResult)[pri:0, instance:tests.LowCabFareTests@7161d8d1]" started-at="2023-07-10T10:33:05 IST" name="takeFailedScreenshots" finished-at="2023-07-10T10:33:06 IST" duration-ms="401" status="PASS">
          <params>
            <param index="0">
              <value>
                <![CDATA[[TestResult name=testClickCabsLink status=SUCCESS method=LowCabFareTests.testClickCabsLink()[pri:3, instance:tests.LowCabFareTests@7161d8d1] output={null}]]]>
              </value>
            </param>
          </params>
          <reporter-output>
          </reporter-output>
        </test-method> <!-- takeFailedScreenshots -->
        <test-method is-config="true" signature="setPage(java.lang.reflect.Method)[pri:0, instance:tests.LowCabFareTests@7161d8d1]" started-at="2023-07-10T10:33:06 IST" name="setPage" finished-at="2023-07-10T10:33:06 IST" duration-ms="5" status="PASS">
          <params>
            <param index="0">
              <value>
                <![CDATA[public void tests.LowCabFareTests.testClickOneWayOutstationLink()]]>
              </value>
            </param>
          </params>
          <reporter-output>
          </reporter-output>
        </test-method> <!-- setPage -->
        <test-method signature="testClickOneWayOutstationLink()[pri:4, instance:tests.LowCabFareTests@7161d8d1]" started-at="2023-07-10T10:33:06 IST" name="testClickOneWayOutstationLink" finished-at="2023-07-10T10:33:07 IST" depends-on-methods="tests.LowCabFareTests.testClickCabsLink" duration-ms="1154" status="PASS">
          <reporter-output>
          </reporter-output>
        </test-method> <!-- testClickOneWayOutstationLink -->
        <test-method is-config="true" signature="takeFailedScreenshots(org.testng.ITestResult)[pri:0, instance:tests.LowCabFareTests@7161d8d1]" started-at="2023-07-10T10:33:07 IST" name="takeFailedScreenshots" finished-at="2023-07-10T10:33:07 IST" duration-ms="463" status="PASS">
          <params>
            <param index="0">
              <value>
                <![CDATA[[TestResult name=testClickOneWayOutstationLink status=SUCCESS method=LowCabFareTests.testClickOneWayOutstationLink()[pri:4, instance:tests.LowCabFareTests@7161d8d1] output={null}]]]>
              </value>
            </param>
          </params>
          <reporter-output>
          </reporter-output>
        </test-method> <!-- takeFailedScreenshots -->
        <test-method is-config="true" signature="setPage(java.lang.reflect.Method)[pri:0, instance:tests.LowCabFareTests@7161d8d1]" started-at="2023-07-10T10:33:07 IST" name="setPage" finished-at="2023-07-10T10:33:07 IST" duration-ms="11" status="PASS">
          <params>
            <param index="0">
              <value>
                <![CDATA[public void tests.LowCabFareTests.testClickSourceLink() throws java.lang.InterruptedException]]>
              </value>
            </param>
          </params>
          <reporter-output>
          </reporter-output>
        </test-method> <!-- setPage -->
        <test-method signature="testClickSourceLink()[pri:5, instance:tests.LowCabFareTests@7161d8d1]" started-at="2023-07-10T10:33:07 IST" name="testClickSourceLink" finished-at="2023-07-10T10:33:08 IST" depends-on-methods="tests.LowCabFareTests.testClickOneWayOutstationLink" duration-ms="532" status="PASS">
          <reporter-output>
          </reporter-output>
        </test-method> <!-- testClickSourceLink -->
        <test-method is-config="true" signature="takeFailedScreenshots(org.testng.ITestResult)[pri:0, instance:tests.LowCabFareTests@7161d8d1]" started-at="2023-07-10T10:33:08 IST" name="takeFailedScreenshots" finished-at="2023-07-10T10:33:08 IST" duration-ms="528" status="PASS">
          <params>
            <param index="0">
              <value>
                <![CDATA[[TestResult name=testClickSourceLink status=SUCCESS method=LowCabFareTests.testClickSourceLink()[pri:5, instance:tests.LowCabFareTests@7161d8d1] output={null}]]]>
              </value>
            </param>
          </params>
          <reporter-output>
          </reporter-output>
        </test-method> <!-- takeFailedScreenshots -->
        <test-method is-config="true" signature="setPage(java.lang.reflect.Method)[pri:0, instance:tests.LowCabFareTests@7161d8d1]" started-at="2023-07-10T10:33:08 IST" name="setPage" finished-at="2023-07-10T10:33:08 IST" duration-ms="3" status="PASS">
          <params>
            <param index="0">
              <value>
                <![CDATA[public void tests.LowCabFareTests.testEnterDestination() throws java.lang.InterruptedException]]>
              </value>
            </param>
          </params>
          <reporter-output>
          </reporter-output>
        </test-method> <!-- setPage -->
        <test-method signature="testEnterDestination()[pri:6, instance:tests.LowCabFareTests@7161d8d1]" started-at="2023-07-10T10:33:08 IST" name="testEnterDestination" finished-at="2023-07-10T10:33:14 IST" depends-on-methods="tests.LowCabFareTests.testClickSourceLink" duration-ms="5679" status="PASS">
          <reporter-output>
          </reporter-output>
        </test-method> <!-- testEnterDestination -->
        <test-method is-config="true" signature="takeFailedScreenshots(org.testng.ITestResult)[pri:0, instance:tests.LowCabFareTests@7161d8d1]" started-at="2023-07-10T10:33:14 IST" name="takeFailedScreenshots" finished-at="2023-07-10T10:33:14 IST" duration-ms="310" status="PASS">
          <params>
            <param index="0">
              <value>
                <![CDATA[[TestResult name=testEnterDestination status=SUCCESS method=LowCabFareTests.testEnterDestination()[pri:6, instance:tests.LowCabFareTests@7161d8d1] output={null}]]]>
              </value>
            </param>
          </params>
          <reporter-output>
          </reporter-output>
        </test-method> <!-- takeFailedScreenshots -->
        <test-method is-config="true" signature="setPage(java.lang.reflect.Method)[pri:0, instance:tests.LowCabFareTests@7161d8d1]" started-at="2023-07-10T10:33:14 IST" name="setPage" finished-at="2023-07-10T10:33:14 IST" duration-ms="3" status="PASS">
          <params>
            <param index="0">
              <value>
                <![CDATA[public void tests.LowCabFareTests.testClickNextMonthLink()]]>
              </value>
            </param>
          </params>
          <reporter-output>
          </reporter-output>
        </test-method> <!-- setPage -->
        <test-method signature="testClickNextMonthLink()[pri:7, instance:tests.LowCabFareTests@7161d8d1]" started-at="2023-07-10T10:33:14 IST" name="testClickNextMonthLink" finished-at="2023-07-10T10:33:14 IST" depends-on-methods="tests.LowCabFareTests.testEnterDestination" duration-ms="116" status="PASS">
          <reporter-output>
          </reporter-output>
        </test-method> <!-- testClickNextMonthLink -->
        <test-method is-config="true" signature="takeFailedScreenshots(org.testng.ITestResult)[pri:0, instance:tests.LowCabFareTests@7161d8d1]" started-at="2023-07-10T10:33:14 IST" name="takeFailedScreenshots" finished-at="2023-07-10T10:33:15 IST" duration-ms="196" status="PASS">
          <params>
            <param index="0">
              <value>
                <![CDATA[[TestResult name=testClickNextMonthLink status=SUCCESS method=LowCabFareTests.testClickNextMonthLink()[pri:7, instance:tests.LowCabFareTests@7161d8d1] output={null}]]]>
              </value>
            </param>
          </params>
          <reporter-output>
          </reporter-output>
        </test-method> <!-- takeFailedScreenshots -->
        <test-method is-config="true" signature="setPage(java.lang.reflect.Method)[pri:0, instance:tests.LowCabFareTests@7161d8d1]" started-at="2023-07-10T10:33:15 IST" name="setPage" finished-at="2023-07-10T10:33:15 IST" duration-ms="1" status="PASS">
          <params>
            <param index="0">
              <value>
                <![CDATA[public void tests.LowCabFareTests.testClickDateSelectorLink()]]>
              </value>
            </param>
          </params>
          <reporter-output>
          </reporter-output>
        </test-method> <!-- setPage -->
        <test-method signature="testClickDateSelectorLink()[pri:8, instance:tests.LowCabFareTests@7161d8d1]" started-at="2023-07-10T10:33:15 IST" name="testClickDateSelectorLink" finished-at="2023-07-10T10:33:15 IST" depends-on-methods="tests.LowCabFareTests.testClickNextMonthLink" duration-ms="119" status="PASS">
          <reporter-output>
          </reporter-output>
        </test-method> <!-- testClickDateSelectorLink -->
        <test-method is-config="true" signature="takeFailedScreenshots(org.testng.ITestResult)[pri:0, instance:tests.LowCabFareTests@7161d8d1]" started-at="2023-07-10T10:33:15 IST" name="takeFailedScreenshots" finished-at="2023-07-10T10:33:15 IST" duration-ms="403" status="PASS">
          <params>
            <param index="0">
              <value>
                <![CDATA[[TestResult name=testClickDateSelectorLink status=SUCCESS method=LowCabFareTests.testClickDateSelectorLink()[pri:8, instance:tests.LowCabFareTests@7161d8d1] output={null}]]]>
              </value>
            </param>
          </params>
          <reporter-output>
          </reporter-output>
        </test-method> <!-- takeFailedScreenshots -->
        <test-method is-config="true" signature="setPage(java.lang.reflect.Method)[pri:0, instance:tests.LowCabFareTests@7161d8d1]" started-at="2023-07-10T10:33:15 IST" name="setPage" finished-at="2023-07-10T10:33:15 IST" duration-ms="0" status="PASS">
          <params>
            <param index="0">
              <value>
                <![CDATA[public void tests.LowCabFareTests.testClickTimePickerLink()]]>
              </value>
            </param>
          </params>
          <reporter-output>
          </reporter-output>
        </test-method> <!-- setPage -->
        <test-method signature="testClickTimePickerLink()[pri:9, instance:tests.LowCabFareTests@7161d8d1]" started-at="2023-07-10T10:33:15 IST" name="testClickTimePickerLink" finished-at="2023-07-10T10:33:16 IST" depends-on-methods="tests.LowCabFareTests.testClickDateSelectorLink" duration-ms="739" status="PASS">
          <reporter-output>
          </reporter-output>
        </test-method> <!-- testClickTimePickerLink -->
        <test-method is-config="true" signature="takeFailedScreenshots(org.testng.ITestResult)[pri:0, instance:tests.LowCabFareTests@7161d8d1]" started-at="2023-07-10T10:33:16 IST" name="takeFailedScreenshots" finished-at="2023-07-10T10:33:16 IST" duration-ms="385" status="PASS">
          <params>
            <param index="0">
              <value>
                <![CDATA[[TestResult name=testClickTimePickerLink status=SUCCESS method=LowCabFareTests.testClickTimePickerLink()[pri:9, instance:tests.LowCabFareTests@7161d8d1] output={null}]]]>
              </value>
            </param>
          </params>
          <reporter-output>
          </reporter-output>
        </test-method> <!-- takeFailedScreenshots -->
        <test-method is-config="true" signature="setPage(java.lang.reflect.Method)[pri:0, instance:tests.LowCabFareTests@7161d8d1]" started-at="2023-07-10T10:33:16 IST" name="setPage" finished-at="2023-07-10T10:33:16 IST" duration-ms="2" status="PASS">
          <params>
            <param index="0">
              <value>
                <![CDATA[public void tests.LowCabFareTests.testClickApplyLink()]]>
              </value>
            </param>
          </params>
          <reporter-output>
          </reporter-output>
        </test-method> <!-- setPage -->
        <test-method signature="testClickApplyLink()[pri:10, instance:tests.LowCabFareTests@7161d8d1]" started-at="2023-07-10T10:33:16 IST" name="testClickApplyLink" finished-at="2023-07-10T10:33:17 IST" depends-on-methods="tests.LowCabFareTests.testClickTimePickerLink" duration-ms="285" status="PASS">
          <reporter-output>
          </reporter-output>
        </test-method> <!-- testClickApplyLink -->
        <test-method is-config="true" signature="takeFailedScreenshots(org.testng.ITestResult)[pri:0, instance:tests.LowCabFareTests@7161d8d1]" started-at="2023-07-10T10:33:17 IST" name="takeFailedScreenshots" finished-at="2023-07-10T10:33:17 IST" duration-ms="350" status="PASS">
          <params>
            <param index="0">
              <value>
                <![CDATA[[TestResult name=testClickApplyLink status=SUCCESS method=LowCabFareTests.testClickApplyLink()[pri:10, instance:tests.LowCabFareTests@7161d8d1] output={null}]]]>
              </value>
            </param>
          </params>
          <reporter-output>
          </reporter-output>
        </test-method> <!-- takeFailedScreenshots -->
[...]
          <reporter-output>
          </reporter-output>
        </test-method> <!-- testClickSortLink -->
        <test-method is-config="true" signature="takeFailedScreenshots(org.testng.ITestResult)[pri:0, instance:tests.LowCabFareTests@7161d8d1]" started-at="2023-07-10T10:33:23 IST" name="takeFailedScreenshots" finished-at="2023-07-10T10:33:24 IST" duration-ms="305" status="PASS">
          <params>
            <param index="0">
              <value>
                <![CDATA[[TestResult name=testClickSortLink status=SUCCESS method=LowCabFareTests.testClickSortLink()[pri:12, instance:tests.LowCabFareTests@7161d8d1] output={null}]]]>
              </value>
            </param>
          </params>
          <reporter-output>
          </reporter-output>
        </test-method> <!-- takeFailedScreenshots -->
        <test-method is-config="true" signature="setPage(java.lang.reflect.Method)[pri:0, instance:tests.LowCabFareTests@7161d8d1]" started-at="2023-07-10T10:33:24 IST" name="setPage" finished-at="2023-07-10T10:33:24 IST" duration-ms="1" status="PASS">
          <params>
            <param index="0">
              <value>
                <![CDATA[public void tests.LowCabFareTests.testSelectSuv() throws java.lang.InterruptedException]]>
              </value>
            </param>
          </params>
          <reporter-output>
          </reporter-output>
        </test-method> <!-- setPage -->
        <test-method signature="testSelectSuv()[pri:13, instance:tests.LowCabFareTests@7161d8d1]" started-at="2023-07-10T10:33:24 IST" name="testSelectSuv" finished-at="2023-07-10T10:33:24 IST" depends-on-methods="tests.LowCabFareTests.testClickSortLink" duration-ms="299" status="PASS">
          <reporter-output>
          </reporter-output>
        </test-method> <!-- testSelectSuv -->
        <test-method is-config="true" signature="takeFailedScreenshots(org.testng.ITestResult)[pri:0, instance:tests.LowCabFareTests@7161d8d1]" started-at="2023-07-10T10:33:24 IST" name="takeFailedScreenshots" finished-at="2023-07-10T10:33:24 IST" duration-ms="274" status="PASS">
          <params>
            <param index="0">
              <value>
                <![CDATA[[TestResult name=testSelectSuv status=SUCCESS method=LowCabFareTests.testSelectSuv()[pri:13, instance:tests.LowCabFareTests@7161d8d1] output={null}]]]>
              </value>
            </param>
          </params>
          <reporter-output>
          </reporter-output>
        </test-method> <!-- takeFailedScreenshots -->
        <test-method is-config="true" signature="setPage(java.lang.reflect.Method)[pri:0, instance:tests.LowCabFareTests@7161d8d1]" started-at="2023-07-10T10:33:24 IST" name="setPage" finished-at="2023-07-10T10:33:24 IST" duration-ms="1" status="PASS">
          <params>
            <param index="0">
              <value>
                <![CDATA[public void tests.LowCabFareTests.testClickLowestFare()]]>
              </value>
            </param>
          </params>
          <reporter-output>
          </reporter-output>
        </test-method> <!-- setPage -->
        <test-method signature="testClickLowestFare()[pri:14, instance:tests.LowCabFareTests@7161d8d1]" started-at="2023-07-10T10:33:24 IST" name="testClickLowestFare" finished-at="2023-07-10T10:33:24 IST" depends-on-methods="tests.LowCabFareTests.testSelectSuv" duration-ms="232" status="PASS">
          <reporter-output>
          </reporter-output>
        </test-method> <!-- testClickLowestFare -->
        <test-method is-config="true" signature="takeFailedScreenshots(org.testng.ITestResult)[pri:0, instance:tests.LowCabFareTests@7161d8d1]" started-at="2023-07-10T10:33:24 IST" name="takeFailedScreenshots" finished-at="2023-07-10T10:33:25 IST" duration-ms="289" status="PASS">
          <params>
            <param index="0">
              <value>
                <![CDATA[[TestResult name=testClickLowestFare status=SUCCESS method=LowCabFareTests.testClickLowestFare()[pri:14, instance:tests.LowCabFareTests@7161d8d1] output={null}]]]>
              </value>
            </param>
          </params>
          <reporter-output>
          </reporter-output>
        </test-method> <!-- takeFailedScreenshots -->
        <test-method is-config="true" signature="setPage(java.lang.reflect.Method)[pri:0, instance:tests.LowCabFareTests@7161d8d1]" started-at="2023-07-10T10:33:25 IST" name="setPage" finished-at="2023-07-10T10:33:25 IST" duration-ms="2" status="PASS">
          <params>
            <param index="0">
              <value>
                <![CDATA[public void tests.LowCabFareTests.testGetPrice() throws java.lang.Exception]]>
              </value>
            </param>
          </params>
          <reporter-output>
          </reporter-output>
        </test-method> <!-- setPage -->
        <test-method signature="testGetPrice()[pri:15, instance:tests.LowCabFareTests@7161d8d1]" started-at="2023-07-10T10:33:25 IST" name="testGetPrice" finished-at="2023-07-10T10:33:25 IST" depends-on-methods="tests.LowCabFareTests.testClickLowestFare" duration-ms="310" status="PASS">
          <reporter-output>
          </reporter-output>
        </test-method> <!-- testGetPrice -->
        <test-method is-config="true" signature="takeFailedScreenshots(org.testng.ITestResult)[pri:0, instance:tests.LowCabFareTests@7161d8d1]" started-at="2023-07-10T10:33:25 IST" name="takeFailedScreenshots" finished-at="2023-07-10T10:33:25 IST" duration-ms="217" status="PASS">
          <params>
            <param index="0">
              <value>
                <![CDATA[[TestResult name=testGetPrice status=SUCCESS method=LowCabFareTests.testGetPrice()[pri:15, instance:tests.LowCabFareTests@7161d8d1] output={null}]]]>
              </value>
            </param>
          </params>
          <reporter-output>
          </reporter-output>
        </test-method> <!-- takeFailedScreenshots -->
        <test-method is-config="true" signature="tearDown()[pri:0, instance:tests.LowCabFareTests@7161d8d1]" started-at="2023-07-10T10:33:25 IST" name="tearDown" finished-at="2023-07-10T10:33:26 IST" duration-ms="682" status="PASS">
          <reporter-output>
          </reporter-output>
        </test-method> <!-- tearDown -->
        <test-method is-config="true" signature="closeExtentReport()[pri:0, instance:tests.LowCabFareTests@7161d8d1]" started-at="2023-07-10T10:34:13 IST" name="closeExtentReport" finished-at="2023-07-10T10:34:14 IST" duration-ms="217" status="PASS">
          <reporter-output>
          </reporter-output>
        </test-method> <!-- closeExtentReport -->
      </class> <!-- tests.LowCabFareTests -->
      <class name="tests.BookHotelTests">
        <test-method is-config="true" signature="initDriver(java.lang.String)[pri:0, instance:tests.BookHotelTests@1cf6d1be]" started-at="2023-07-10T10:33:48 IST" name="initDriver" finished-at="2023-07-10T10:33:50 IST" duration-ms="2213" status="PASS">
          <params>
            <param index="0">
              <value>
                <![CDATA[edge]]>
              </value>
            </param>
          </params>
          <reporter-output>
          </reporter-output>
        </test-method> <!-- initDriver -->
        <test-method is-config="true" signature="initExtentReport(org.testng.ITestContext)[pri:0, instance:tests.BookHotelTests@1cf6d1be]" started-at="2023-07-10T10:33:50 IST" name="initExtentReport" finished-at="2023-07-10T10:33:50 IST" duration-ms="1" status="PASS">
          <params>
            <param index="0">
              <value>
                <![CDATA[org.testng.TestRunner@72f3f14c]]>
              </value>
            </param>
          </params>
          <reporter-output>
          </reporter-output>
        </test-method> <!-- initExtentReport -->
        <test-method is-config="true" signature="setPage(java.lang.reflect.Method)[pri:0, instance:tests.BookHotelTests@1cf6d1be]" started-at="2023-07-10T10:33:50 IST" name="setPage" finished-at="2023-07-10T10:33:50 IST" duration-ms="2" status="PASS">
          <params>
            <param index="0">
              <value>
                <![CDATA[public void tests.BookHotelTests.testVisitMakeMyTrip() throws java.lang.InterruptedException]]>
              </value>
            </param>
          </params>
          <reporter-output>
          </reporter-output>
        </test-method> <!-- setPage -->
        <test-method signature="testVisitMakeMyTrip()[pri:1, instance:tests.BookHotelTests@1cf6d1be]" started-at="2023-07-10T10:33:50 IST" name="testVisitMakeMyTrip" finished-at="2023-07-10T10:34:02 IST" duration-ms="11969" status="PASS">
          <reporter-output>
          </reporter-output>
        </test-method> <!-- testVisitMakeMyTrip -->
        <test-method is-config="true" signature="takeFailedScreenshots(org.testng.ITestResult)[pri:0, instance:tests.BookHotelTests@1cf6d1be]" started-at="2023-07-10T10:34:02 IST" name="takeFailedScreenshots" finished-at="2023-07-10T10:34:03 IST" duration-ms="731" status="PASS">
          <params>
            <param index="0">
              <value>
                <![CDATA[[TestResult name=testVisitMakeMyTrip status=SUCCESS method=BookHotelTests.testVisitMakeMyTrip()[pri:1, instance:tests.BookHotelTests@1cf6d1be] output={null}]]]>
              </value>
            </param>
          </params>
          <reporter-output>
          </reporter-output>
        </test-method> <!-- takeFailedScreenshots -->
        <test-method is-config="true" signature="setPage(java.lang.reflect.Method)[pri:0, instance:tests.BookHotelTests@1cf6d1be]" started-at="2023-07-10T10:34:03 IST" name="setPage" finished-at="2023-07-10T10:34:03 IST" duration-ms="0" status="PASS">
          <params>
            <param index="0">
              <value>
                <![CDATA[public void tests.BookHotelTests.testHandleModal() throws java.lang.InterruptedException]]>
              </value>
            </param>
          </params>
          <reporter-output>
          </reporter-output>
        </test-method> <!-- setPage -->
        <test-method signature="testHandleModal()[pri:2, instance:tests.BookHotelTests@1cf6d1be]" started-at="2023-07-10T10:34:03 IST" name="testHandleModal" finished-at="2023-07-10T10:34:04 IST" depends-on-methods="tests.BookHotelTests.testVisitMakeMyTrip" duration-ms="1312" status="PASS">
          <reporter-output>
          </reporter-output>
        </test-method> <!-- testHandleModal -->
        <test-method is-config="true" signature="takeFailedScreenshots(org.testng.ITestResult)[pri:0, instance:tests.BookHotelTests@1cf6d1be]" started-at="2023-07-10T10:34:04 IST" name="takeFailedScreenshots" finished-at="2023-07-10T10:34:04 IST" duration-ms="399" status="PASS">
          <params>
            <param index="0">
              <value>
                <![CDATA[[TestResult name=testHandleModal status=SUCCESS method=BookHotelTests.testHandleModal()[pri:2, instance:tests.BookHotelTests@1cf6d1be] output={null}]]]>
              </value>
            </param>
          </params>
          <reporter-output>
          </reporter-output>
        </test-method> <!-- takeFailedScreenshots -->
        <test-method is-config="true" signature="setPage(java.lang.reflect.Method)[pri:0, instance:tests.BookHotelTests@1cf6d1be]" started-at="2023-07-10T10:34:05 IST" name="setPage" finished-at="2023-07-10T10:34:05 IST" duration-ms="1" status="PASS">
          <params>
            <param index="0">
              <value>
                <![CDATA[public void tests.BookHotelTests.testClickHotelBtn()]]>
              </value>
            </param>
          </params>
          <reporter-output>
          </reporter-output>
        </test-method> <!-- setPage -->
        <test-method signature="testClickHotelBtn()[pri:3, instance:tests.BookHotelTests@1cf6d1be]" started-at="2023-07-10T10:34:05 IST" name="testClickHotelBtn" finished-at="2023-07-10T10:34:05 IST" depends-on-methods="tests.BookHotelTests.testHandleModal" duration-ms="851" status="PASS">
          <reporter-output>
          </reporter-output>
        </test-method> <!-- testClickHotelBtn -->
        <test-method is-config="true" signature="takeFailedScreenshots(org.testng.ITestResult)[pri:0, instance:tests.BookHotelTests@1cf6d1be]" started-at="2023-07-10T10:34:05 IST" name="takeFailedScreenshots" finished-at="2023-07-10T10:34:06 IST" duration-ms="297" status="PASS">
          <params>
            <param index="0">
              <value>
                <![CDATA[[TestResult name=testClickHotelBtn status=SUCCESS method=BookHotelTests.testClickHotelBtn()[pri:3, instance:tests.BookHotelTests@1cf6d1be] output={null}]]]>
              </value>
            </param>
          </params>
          <reporter-output>
          </reporter-output>
        </test-method> <!-- takeFailedScreenshots -->
        <test-method signature="testRoomsNGuest()[pri:4, instance:tests.BookHotelTests@1cf6d1be]" started-at="2023-07-10T10:34:06 IST" name="testRoomsNGuest" finished-at="2023-07-10T10:34:06 IST" depends-on-methods="tests.BookHotelTests.testClickHotelBtn" duration-ms="533" status="PASS">
          <reporter-output>
          </reporter-output>
        </test-method> <!-- testRoomsNGuest -->
        <test-method is-config="true" signature="setPage(java.lang.reflect.Method)[pri:0, instance:tests.BookHotelTests@1cf6d1be]" started-at="2023-07-10T10:34:06 IST" name="setPage" finished-at="2023-07-10T10:34:06 IST" duration-ms="0" status="PASS">
          <params>
            <param index="0">
              <value>
                <![CDATA[public void tests.BookHotelTests.testRoomsNGuest()]]>
              </value>
            </param>
          </params>
          <reporter-output>
          </reporter-output>
        </test-method> <!-- setPage -->
        <test-method is-config="true" signature="takeFailedScreenshots(org.testng.ITestResult)[pri:0, instance:tests.BookHotelTests@1cf6d1be]" started-at="2023-07-10T10:34:06 IST" name="takeFailedScreenshots" finished-at="2023-07-10T10:34:07 IST" duration-ms="662" status="PASS">
          <params>
            <param index="0">
              <value>
                <![CDATA[[TestResult name=testRoomsNGuest status=SUCCESS method=BookHotelTests.testRoomsNGuest()[pri:4, instance:tests.BookHotelTests@1cf6d1be] output={null}]]]>
              </value>
            </param>
          </params>
          <reporter-output>
          </reporter-output>
        </test-method> <!-- takeFailedScreenshots -->
        <test-method is-config="true" signature="setPage(java.lang.reflect.Method)[pri:0, instance:tests.BookHotelTests@1cf6d1be]" started-at="2023-07-10T10:34:07 IST" name="setPage" finished-at="2023-07-10T10:34:07 IST" duration-ms="2" status="PASS">
          <params>
            <param index="0">
              <value>
                <![CDATA[public void tests.BookHotelTests.testAdultsNo()]]>
              </value>
            </param>
          </params>
          <reporter-output>
          </reporter-output>
        </test-method> <!-- setPage -->
        <test-method signature="testAdultsNo()[pri:5, instance:tests.BookHotelTests@1cf6d1be]" started-at="2023-07-10T10:34:07 IST" name="testAdultsNo" finished-at="2023-07-10T10:34:07 IST" depends-on-methods="tests.BookHotelTests.testRoomsNGuest" duration-ms="333" status="PASS">
          <reporter-output>
          </reporter-output>
        </test-method> <!-- testAdultsNo -->
        <test-method is-config="true" signature="takeFailedScreenshots(org.testng.ITestResult)[pri:0, instance:tests.BookHotelTests@1cf6d1be]" started-at="2023-07-10T10:34:07 IST" name="takeFailedScreenshots" finished-at="2023-07-10T10:34:08 IST" duration-ms="461" status="PASS">
          <params>
            <param index="0">
              <value>
                <![CDATA[[TestResult name=testAdultsNo status=SUCCESS method=BookHotelTests.testAdultsNo()[pri:5, instance:tests.BookHotelTests@1cf6d1be] output={null}]]]>
              </value>
            </param>
          </params>
          <reporter-output>
          </reporter-output>
        </test-method> <!-- takeFailedScreenshots -->
        <test-method is-config="true" signature="setPage(java.lang.reflect.Method)[pri:0, instance:tests.BookHotelTests@1cf6d1be]" started-at="2023-07-10T10:34:08 IST" name="setPage" finished-at="2023-07-10T10:34:08 IST" duration-ms="1" status="PASS">
          <params>
            <param index="0">
              <value>
                <![CDATA[public void tests.BookHotelTests.testListAdult() throws java.lang.Exception]]>
              </value>
            </param>
          </params>
          <reporter-output>
          </reporter-output>
        </test-method> <!-- setPage -->
        <test-method signature="testListAdult()[pri:6, instance:tests.BookHotelTests@1cf6d1be]" started-at="2023-07-10T10:34:08 IST" name="testListAdult" finished-at="2023-07-10T10:34:09 IST" depends-on-methods="tests.BookHotelTests.testAdultsNo" duration-ms="1377" status="PASS">
          <reporter-output>
          </reporter-output>
        </test-method> <!-- testListAdult -->
        <test-method is-config="true" signature="takeFailedScreenshots(org.testng.ITestResult)[pri:0, instance:tests.BookHotelTests@1cf6d1be]" started-at="2023-07-10T10:34:09 IST" name="takeFailedScreenshots" finished-at="2023-07-10T10:34:09 IST" duration-ms="452" status="PASS">
          <params>
            <param index="0">
              <value>
                <![CDATA[[TestResult name=testListAdult status=SUCCESS method=BookHotelTests.testListAdult()[pri:6, instance:tests.BookHotelTests@1cf6d1be] output={null}]]]>
              </value>
            </param>
          </params>
          <reporter-output>
          </reporter-output>
        </test-method> <!-- takeFailedScreenshots -->
        <test-method is-config="true" signature="setPage(java.lang.reflect.Method)[pri:0, instance:tests.BookHotelTests@1cf6d1be]" started-at="2023-07-10T10:34:09 IST" name="setPage" finished-at="2023-07-10T10:34:09 IST" duration-ms="1" status="PASS">
          <params>
            <param index="0">
              <value>
                <![CDATA[public void tests.BookHotelTests.testNavigateBack() throws java.lang.InterruptedException]]>
              </value>
            </param>
          </params>
          <reporter-output>
          </reporter-output>
        </test-method> <!-- setPage -->
        <test-method signature="testNavigateBack()[pri:7, instance:tests.BookHotelTests@1cf6d1be]" started-at="2023-07-10T10:34:09 IST" name="testNavigateBack" finished-at="2023-07-10T10:34:12 IST" depends-on-methods="tests.BookHotelTests.testListAdult" duration-ms="2637" status="PASS">
          <reporter-output>
          </reporter-output>
        </test-method> <!-- testNavigateBack -->
        <test-method is-config="true" signature="takeFailedScreenshots(org.testng.ITestResult)[pri:0, instance:tests.BookHotelTests@1cf6d1be]" started-at="2023-07-10T10:34:12 IST" name="takeFailedScreenshots" finished-at="2023-07-10T10:34:12 IST" duration-ms="364" status="PASS">
          <params>
            <param index="0">
              <value>
                <![CDATA[[TestResult name=testNavigateBack status=SUCCESS method=BookHotelTests.testNavigateBack()[pri:7, instance:tests.BookHotelTests@1cf6d1be] output={null}]]]>
              </value>
            </param>
          </params>
          <reporter-output>
          </reporter-output>
        </test-method> <!-- takeFailedScreenshots -->
        <test-method is-config="true" signature="tearDown()[pri:0, instance:tests.BookHotelTests@1cf6d1be]" started-at="2023-07-10T10:34:12 IST" name="tearDown" finished-at="2023-07-10T10:34:13 IST" duration-ms="938" status="PASS">
          <reporter-output>
          </reporter-output>
        </test-method> <!-- tearDown -->
      </class> <!-- tests.BookHotelTests -->
    </test> <!-- Test: Edge -->
  </suite> <!-- MakeMyTrip Edge Suite -->
</testng-results>
